Using pre-set license
Built from '2020.2/release' branch; Version is '2020.2.1f1 (270dd8c3da1c) revision 2559448'; Using compiler version '192528614'; Build Type 'Release'
OS: 'Windows 10  (10.0.0) 64bit' Language: 'en' Physical Memory: 16257 MB
BatchMode: 1, IsHumanControllingUs: 0, StartBugReporterOnCrash: 0, Is64bit: 1, IsPro: 0

 COMMAND LINE ARGUMENTS:
C:\Program Files\Unity\Hub\Editor\2020.2.1f1\Editor\Unity.exe
-adb2
-batchMode
-noUpm
-name
AssetImportWorker0
-projectPath
C:/Users/austi/MonsterMaster/CollisionTst
-logFile
Logs/AssetImportWorker0.log
-srvPort
55509
Successfully changed project path to: C:/Users/austi/MonsterMaster/CollisionTst
C:/Users/austi/MonsterMaster/CollisionTst
Using Asset Import Pipeline V2.
Refreshing native plugins compatible for Editor in 28.29 ms, found 1 plugins.
Preloading 0 native plugins for Editor in 0.00 ms.
Initialize engine version: 2020.2.1f1 (270dd8c3da1c)
[Subsystems] Discovering subsystems at path C:/Program Files/Unity/Hub/Editor/2020.2.1f1/Editor/Data/Resources/UnitySubsystems
[Subsystems] Discovering subsystems at path C:/Users/austi/MonsterMaster/CollisionTst/Assets
GfxDevice: creating device client; threaded=0
Direct3D:
    Version:  Direct3D 11.0 [level 11.1]
    Renderer: NVIDIA GeForce GTX 1660 Ti (ID=0x2182)
    Vendor:   
    VRAM:     5991 MB
    Driver:   27.21.14.5671
Initialize mono
Mono path[0] = 'C:/Program Files/Unity/Hub/Editor/2020.2.1f1/Editor/Data/Managed'
Mono path[1] = 'C:/Program Files/Unity/Hub/Editor/2020.2.1f1/Editor/Data/MonoBleedingEdge/lib/mono/unityjit'
Mono config path = 'C:/Program Files/Unity/Hub/Editor/2020.2.1f1/Editor/Data/MonoBleedingEdge/etc'
Using monoOptions --debugger-agent=transport=dt_socket,embedding=1,server=y,suspend=n,address=127.0.0.1:56248
Begin MonoManager ReloadAssembly
Registering precompiled unity dll's ...
Register platform support module: C:/Program Files/Unity/Hub/Editor/2020.2.1f1/Editor/Data/PlaybackEngines/WindowsStandaloneSupport/UnityEditor.WindowsStandalone.Extensions.dll
Registered in 0.001748 seconds.
Native extension for WindowsStandalone target not found
Refreshing native plugins compatible for Editor in 46.23 ms, found 1 plugins.
Preloading 0 native plugins for Editor in 0.00 ms.
Invoked RoslynAnalysisRunner static constructor.
RoslynAnalysisRunner will not be running.
RoslynAnalysisRunner has terminated.
Mono: successfully reloaded assembly
- Completed reload, in  0.931 seconds
Platform modules already initialized, skipping
Registering precompiled user dll's ...
Registered in 0.000967 seconds.
Begin MonoManager ReloadAssembly
Native extension for WindowsStandalone target not found
Refreshing native plugins compatible for Editor in 29.48 ms, found 1 plugins.
Preloading 0 native plugins for Editor in 0.00 ms.
Invoked RoslynAnalysisRunner static constructor.
RoslynAnalysisRunner will not be running.
RoslynAnalysisRunner has terminated.
Mono: successfully reloaded assembly
- Completed reload, in  0.738 seconds
Platform modules already initialized, skipping
========================================================================
Worker process is ready to serve import requests
Launched and connected shader compiler UnityShaderCompiler.exe after 0.04 seconds
Refreshing native plugins compatible for Editor in 0.29 ms, found 1 plugins.
Preloading 0 native plugins for Editor in 0.00 ms.
Unloading 1787 Unused Serialized files (Serialized files now loaded: 0)
System memory in use before: 83.6 MB.
System memory in use after: 83.5 MB.

Unloading 24 unused Assets to reduce memory usage. Loaded Objects now: 2226.
Total: 2.307000 ms (FindLiveObjects: 0.363000 ms CreateObjectMapping: 0.264600 ms MarkObjects: 1.588400 ms  DeleteObjects: 0.089800 ms)

========================================================================
Received Import Request.
  path: Assets
  artifactKey: Guid(00000000000000001000000000000000) Importer(815301076,1909f56bfc062723c751e8b465ee728b)
Start importing Assets using Guid(00000000000000001000000000000000) Importer(815301076,1909f56bfc062723c751e8b465ee728b)  -> (artifact id: 'e1a2c4dac9df7c17871e19a3b74f0e9f') in 0.003542 seconds
  Import took 0.005734 seconds .

========================================================================
Received Import Request.
  Time since last request: 68.152153 seconds.
  path: Assets/c3323acf-5866-4f3f-ba60-77c154a9c378.png
  artifactKey: Guid(5228aa5053f6fba42bfc0aaca7b6950d) Importer(815301076,1909f56bfc062723c751e8b465ee728b)
Start importing Assets/c3323acf-5866-4f3f-ba60-77c154a9c378.png using Guid(5228aa5053f6fba42bfc0aaca7b6950d) Importer(815301076,1909f56bfc062723c751e8b465ee728b)  -> (artifact id: '66a0800ba92058cff1784b5451d56d7f') in 0.097024 seconds
  Import took 0.099603 seconds .

========================================================================
Received Import Request.
  Time since last request: 14.231073 seconds.
  path: Assets/c3323acf-5866-4f3f-ba60-77c154a9c378.png
  artifactKey: Guid(5228aa5053f6fba42bfc0aaca7b6950d) Importer(815301076,1909f56bfc062723c751e8b465ee728b)
Start importing Assets/c3323acf-5866-4f3f-ba60-77c154a9c378.png using Guid(5228aa5053f6fba42bfc0aaca7b6950d) Importer(815301076,1909f56bfc062723c751e8b465ee728b)  -> (artifact id: '18f8713e00732cf140369b9d4b0906a1') in 0.017788 seconds
  Import took 0.020552 seconds .

========================================================================
Received Import Request.
  Time since last request: 0.026184 seconds.
  path: Assets/c3323acf-5866-4f3f-ba60-77c154a9c378.png
  artifactKey: Guid(5228aa5053f6fba42bfc0aaca7b6950d) Importer(815301076,1909f56bfc062723c751e8b465ee728b)
Start importing Assets/c3323acf-5866-4f3f-ba60-77c154a9c378.png using Guid(5228aa5053f6fba42bfc0aaca7b6950d) Importer(815301076,1909f56bfc062723c751e8b465ee728b)  -> (artifact id: '18f8713e00732cf140369b9d4b0906a1') in 0.004859 seconds
  Import took 0.007748 seconds .

========================================================================
Received Import Request.
  Time since last request: 28.100469 seconds.
  path: Assets/c3323acf-5866-4f3f-ba60-77c154a9c378.png
  artifactKey: Guid(5228aa5053f6fba42bfc0aaca7b6950d) Importer(815301076,1909f56bfc062723c751e8b465ee728b)
Start importing Assets/c3323acf-5866-4f3f-ba60-77c154a9c378.png using Guid(5228aa5053f6fba42bfc0aaca7b6950d) Importer(815301076,1909f56bfc062723c751e8b465ee728b)  -> (artifact id: 'ee0aae553d22c0d4b6ab6da7ff41fc2b') in 0.158578 seconds
  Import took 0.161326 seconds .

========================================================================
Received Import Request.
  Time since last request: 73.643712 seconds.
  path: Assets/c3323acf-5866-4f3f-ba60-77c154a9c378_0.asset
  artifactKey: Guid(f7ee805dd6096cb4dadaa23cc934dc16) Importer(815301076,1909f56bfc062723c751e8b465ee728b)
Start importing Assets/c3323acf-5866-4f3f-ba60-77c154a9c378_0.asset using Guid(f7ee805dd6096cb4dadaa23cc934dc16) Importer(815301076,1909f56bfc062723c751e8b465ee728b)  -> (artifact id: '5426a67325ac088270f0d796dd4254ca') in 0.042826 seconds
  Import took 0.045608 seconds .

========================================================================
Received Import Request.
  Time since last request: 0.000241 seconds.
  path: Assets/c3323acf-5866-4f3f-ba60-77c154a9c378_24.asset
  artifactKey: Guid(d87bedb220d7752448410942656a1776) Importer(815301076,1909f56bfc062723c751e8b465ee728b)
Start importing Assets/c3323acf-5866-4f3f-ba60-77c154a9c378_24.asset using Guid(d87bedb220d7752448410942656a1776) Importer(815301076,1909f56bfc062723c751e8b465ee728b)  -> (artifact id: '940ee660cfadeed0239e421062f7579d') in 0.016781 seconds
  Import took 0.019133 seconds .

========================================================================
Received Import Request.
  Time since last request: 0.000307 seconds.
  path: Assets/c3323acf-5866-4f3f-ba60-77c154a9c378_15.asset
  artifactKey: Guid(a4385a0e1771ea543a88ca8f517740b7) Importer(815301076,1909f56bfc062723c751e8b465ee728b)
Start importing Assets/c3323acf-5866-4f3f-ba60-77c154a9c378_15.asset using Guid(a4385a0e1771ea543a88ca8f517740b7) Importer(815301076,1909f56bfc062723c751e8b465ee728b)  -> (artifact id: '7dd3e200ef15a2da46e0099f8981b4e7') in 0.009214 seconds
  Import took 0.011836 seconds .

========================================================================
Received Import Request.
  Time since last request: 0.000354 seconds.
  path: Assets/c3323acf-5866-4f3f-ba60-77c154a9c378_54.asset
  artifactKey: Guid(313f62b04dedaf1458db625996468ea7) Importer(815301076,1909f56bfc062723c751e8b465ee728b)
Start importing Assets/c3323acf-5866-4f3f-ba60-77c154a9c378_54.asset using Guid(313f62b04dedaf1458db625996468ea7) Importer(815301076,1909f56bfc062723c751e8b465ee728b)  -> (artifact id: '89227b3ec754969c6ad4ad75e0c6bc90') in 0.012186 seconds
  Import took 0.015195 seconds .

========================================================================
Received Import Request.
  Time since last request: 0.000178 seconds.
  path: Assets/c3323acf-5866-4f3f-ba60-77c154a9c378_33.asset
  artifactKey: Guid(9d209b09ba6869b49a9fe4a0c52cf847) Importer(815301076,1909f56bfc062723c751e8b465ee728b)
Start importing Assets/c3323acf-5866-4f3f-ba60-77c154a9c378_33.asset using Guid(9d209b09ba6869b49a9fe4a0c52cf847) Importer(815301076,1909f56bfc062723c751e8b465ee728b)  -> (artifact id: 'f708da210753149c15a331f2ab8b9a8d') in 0.013867 seconds
  Import took 0.016368 seconds .

========================================================================
Received Import Request.
  Time since last request: 0.000231 seconds.
  path: Assets/c3323acf-5866-4f3f-ba60-77c154a9c378_2.asset
  artifactKey: Guid(fd91c69c0c20aef4d93abbb610c75021) Importer(815301076,1909f56bfc062723c751e8b465ee728b)
Start importing Assets/c3323acf-5866-4f3f-ba60-77c154a9c378_2.asset using Guid(fd91c69c0c20aef4d93abbb610c75021) Importer(815301076,1909f56bfc062723c751e8b465ee728b)  -> (artifact id: '1fd85060b3de173b639c1fd43f8c33e8') in 0.015337 seconds
  Import took 0.017747 seconds .

========================================================================
Received Import Request.
  Time since last request: 0.000209 seconds.
  path: Assets/c3323acf-5866-4f3f-ba60-77c154a9c378_63.asset
  artifactKey: Guid(06ad5180d6f828145ba62d6054e3e23e) Importer(815301076,1909f56bfc062723c751e8b465ee728b)
Start importing Assets/c3323acf-5866-4f3f-ba60-77c154a9c378_63.asset using Guid(06ad5180d6f828145ba62d6054e3e23e) Importer(815301076,1909f56bfc062723c751e8b465ee728b)  -> (artifact id: '30e20f4ba8bce142fca5736cebb3c8b8') in 0.006921 seconds
  Import took 0.008883 seconds .

========================================================================
Received Import Request.
  Time since last request: 0.000196 seconds.
  path: Assets/c3323acf-5866-4f3f-ba60-77c154a9c378_6.asset
  artifactKey: Guid(a39323e5be21d4a4b95f35007940bc47) Importer(815301076,1909f56bfc062723c751e8b465ee728b)
Start importing Assets/c3323acf-5866-4f3f-ba60-77c154a9c378_6.asset using Guid(a39323e5be21d4a4b95f35007940bc47) Importer(815301076,1909f56bfc062723c751e8b465ee728b)  -> (artifact id: 'bc4b9afa8f00a330db0f5be54fb9f61a') in 0.007036 seconds
  Import took 0.009323 seconds .

========================================================================
Received Import Request.
  Time since last request: 0.000231 seconds.
  path: Assets/c3323acf-5866-4f3f-ba60-77c154a9c378_47.asset
  artifactKey: Guid(7b4f96ec517e25b4fba7bc86ebc24be4) Importer(815301076,1909f56bfc062723c751e8b465ee728b)
Start importing Assets/c3323acf-5866-4f3f-ba60-77c154a9c378_47.asset using Guid(7b4f96ec517e25b4fba7bc86ebc24be4) Importer(815301076,1909f56bfc062723c751e8b465ee728b)  -> (artifact id: 'b768a13e5d94d588a8f4802bcaa8775c') in 0.030700 seconds
  Import took 0.032844 seconds .

========================================================================
Received Import Request.
  Time since last request: 0.000215 seconds.
  path: Assets/c3323acf-5866-4f3f-ba60-77c154a9c378_30.asset
  artifactKey: Guid(1bd7b48083877224dac195711983e988) Importer(815301076,1909f56bfc062723c751e8b465ee728b)
Start importing Assets/c3323acf-5866-4f3f-ba60-77c154a9c378_30.asset using Guid(1bd7b48083877224dac195711983e988) Importer(815301076,1909f56bfc062723c751e8b465ee728b)  -> (artifact id: '262b7aed519f191be4106fb9ec0b8d8a') in 0.011876 seconds
  Import took 0.014171 seconds .

========================================================================
Received Import Request.
  Time since last request: 0.000220 seconds.
  path: Assets/c3323acf-5866-4f3f-ba60-77c154a9c378_12.asset
  artifactKey: Guid(191a0e0f099f1c544b229e7db75a30df) Importer(815301076,1909f56bfc062723c751e8b465ee728b)
Start importing Assets/c3323acf-5866-4f3f-ba60-77c154a9c378_12.asset using Guid(191a0e0f099f1c544b229e7db75a30df) Importer(815301076,1909f56bfc062723c751e8b465ee728b)  -> (artifact id: '1a75b700fa6c352f234f078d43aec3fd') in 0.012408 seconds
  Import took 0.014866 seconds .

========================================================================
Received Import Request.
  Time since last request: 0.000202 seconds.
  path: Assets/c3323acf-5866-4f3f-ba60-77c154a9c378_41.asset
  artifactKey: Guid(e1991a69f69690844a298b53e128e92f) Importer(815301076,1909f56bfc062723c751e8b465ee728b)
Start importing Assets/c3323acf-5866-4f3f-ba60-77c154a9c378_41.asset using Guid(e1991a69f69690844a298b53e128e92f) Importer(815301076,1909f56bfc062723c751e8b465ee728b)  -> (artifact id: 'f07090ac43561086db5495aeb169925b') in 0.012370 seconds
  Import took 0.014573 seconds .

========================================================================
Received Import Request.
  Time since last request: 0.000254 seconds.
  path: Assets/c3323acf-5866-4f3f-ba60-77c154a9c378_57.asset
  artifactKey: Guid(00d0d9c49465e0b448d545866d079017) Importer(815301076,1909f56bfc062723c751e8b465ee728b)
Start importing Assets/c3323acf-5866-4f3f-ba60-77c154a9c378_57.asset using Guid(00d0d9c49465e0b448d545866d079017) Importer(815301076,1909f56bfc062723c751e8b465ee728b)  -> (artifact id: '568229938fca58a025614e7de2c9b6aa') in 0.015498 seconds
  Import took 0.017860 seconds .

========================================================================
Received Import Request.
  Time since last request: 0.000211 seconds.
  path: Assets/c3323acf-5866-4f3f-ba60-77c154a9c378_32.asset
  artifactKey: Guid(40a0962a75437ca41b41bc9e0b182a42) Importer(815301076,1909f56bfc062723c751e8b465ee728b)
Start importing Assets/c3323acf-5866-4f3f-ba60-77c154a9c378_32.asset using Guid(40a0962a75437ca41b41bc9e0b182a42) Importer(815301076,1909f56bfc062723c751e8b465ee728b)  -> (artifact id: 'c2f535bb88b9e3484da13885f50acc57') in 0.012099 seconds
  Import took 0.014741 seconds .

========================================================================
Received Import Request.
  Time since last request: 0.000200 seconds.
  path: Assets/c3323acf-5866-4f3f-ba60-77c154a9c378_34.asset
  artifactKey: Guid(18cd81c909aa7b34da6aad93c031d3f4) Importer(815301076,1909f56bfc062723c751e8b465ee728b)
Start importing Assets/c3323acf-5866-4f3f-ba60-77c154a9c378_34.asset using Guid(18cd81c909aa7b34da6aad93c031d3f4) Importer(815301076,1909f56bfc062723c751e8b465ee728b)  -> (artifact id: '7899eea4e52d253560c7748f2f3e4926') in 0.015793 seconds
  Import took 0.018191 seconds .

========================================================================
Received Import Request.
  Time since last request: 0.000215 seconds.
  path: Assets/c3323acf-5866-4f3f-ba60-77c154a9c378_46.asset
  artifactKey: Guid(3c3f9ba29a0a6b3458e2ffb4d80608e0) Importer(815301076,1909f56bfc062723c751e8b465ee728b)
Start importing Assets/c3323acf-5866-4f3f-ba60-77c154a9c378_46.asset using Guid(3c3f9ba29a0a6b3458e2ffb4d80608e0) Importer(815301076,1909f56bfc062723c751e8b465ee728b)  -> (artifact id: '7f077d2af4713ddf73df9e44ca4e2cd1') in 0.013513 seconds
  Import took 0.016015 seconds .

========================================================================
Received Import Request.
  Time since last request: 0.000253 seconds.
  path: Assets/c3323acf-5866-4f3f-ba60-77c154a9c378_61.asset
  artifactKey: Guid(ff30d15e88b579844a4c977cfa377e67) Importer(815301076,1909f56bfc062723c751e8b465ee728b)
Start importing Assets/c3323acf-5866-4f3f-ba60-77c154a9c378_61.asset using Guid(ff30d15e88b579844a4c977cfa377e67) Importer(815301076,1909f56bfc062723c751e8b465ee728b)  -> (artifact id: 'ca0a990160d3039f725d17c153f28aec') in 0.005296 seconds
  Import took 0.007841 seconds .

========================================================================
Received Import Request.
  Time since last request: 0.000257 seconds.
  path: Assets/c3323acf-5866-4f3f-ba60-77c154a9c378_10.asset
  artifactKey: Guid(fa517cf8d6950d0469388f4c4d05c2f8) Importer(815301076,1909f56bfc062723c751e8b465ee728b)
Start importing Assets/c3323acf-5866-4f3f-ba60-77c154a9c378_10.asset using Guid(fa517cf8d6950d0469388f4c4d05c2f8) Importer(815301076,1909f56bfc062723c751e8b465ee728b)  -> (artifact id: '86c967bbc747e8e2b82c3ad709f1862a') in 0.004225 seconds
  Import took 0.006494 seconds .

========================================================================
Received Import Request.
  Time since last request: 0.000281 seconds.
  path: Assets/c3323acf-5866-4f3f-ba60-77c154a9c378_44.asset
  artifactKey: Guid(fb8e1532e44ce02478fd067fe7234e0f) Importer(815301076,1909f56bfc062723c751e8b465ee728b)
Start importing Assets/c3323acf-5866-4f3f-ba60-77c154a9c378_44.asset using Guid(fb8e1532e44ce02478fd067fe7234e0f) Importer(815301076,1909f56bfc062723c751e8b465ee728b)  -> (artifact id: '78b002898418422371d6822365cc9fa2') in 0.005075 seconds
  Import took 0.007463 seconds .

========================================================================
Received Import Request.
  Time since last request: 0.000180 seconds.
  path: Assets/c3323acf-5866-4f3f-ba60-77c154a9c378_36.asset
  artifactKey: Guid(1c79a6e5b0527fb4cabebd1485655d98) Importer(815301076,1909f56bfc062723c751e8b465ee728b)
Start importing Assets/c3323acf-5866-4f3f-ba60-77c154a9c378_36.asset using Guid(1c79a6e5b0527fb4cabebd1485655d98) Importer(815301076,1909f56bfc062723c751e8b465ee728b)  -> (artifact id: 'acda975279a07b273c0361cd9e273757') in 0.004462 seconds
  Import took 0.006633 seconds .

========================================================================
Received Import Request.
  Time since last request: 0.000225 seconds.
  path: Assets/c3323acf-5866-4f3f-ba60-77c154a9c378_59.asset
  artifactKey: Guid(63092903517621043b7bb3e267f9786a) Importer(815301076,1909f56bfc062723c751e8b465ee728b)
Start importing Assets/c3323acf-5866-4f3f-ba60-77c154a9c378_59.asset using Guid(63092903517621043b7bb3e267f9786a) Importer(815301076,1909f56bfc062723c751e8b465ee728b)  -> (artifact id: '73cb2181244d9218d84268a34d574395') in 0.004640 seconds
  Import took 0.006988 seconds .

========================================================================
Received Import Request.
  Time since last request: 0.000195 seconds.
  path: Assets/c3323acf-5866-4f3f-ba60-77c154a9c378_37.asset
  artifactKey: Guid(ff2db119cc56cca4485d526db49c212c) Importer(815301076,1909f56bfc062723c751e8b465ee728b)
Start importing Assets/c3323acf-5866-4f3f-ba60-77c154a9c378_37.asset using Guid(ff2db119cc56cca4485d526db49c212c) Importer(815301076,1909f56bfc062723c751e8b465ee728b)  -> (artifact id: '98ed70c95da88149514d8ad03609f1e6') in 0.003965 seconds
  Import took 0.006032 seconds .

========================================================================
Received Import Request.
  Time since last request: 0.000220 seconds.
  path: Assets/c3323acf-5866-4f3f-ba60-77c154a9c378_35.asset
  artifactKey: Guid(aa8df19d5fae5444ba81b53c4d602f1e) Importer(815301076,1909f56bfc062723c751e8b465ee728b)
Start importing Assets/c3323acf-5866-4f3f-ba60-77c154a9c378_35.asset using Guid(aa8df19d5fae5444ba81b53c4d602f1e) Importer(815301076,1909f56bfc062723c751e8b465ee728b)  -> (artifact id: 'a099a2ca1f11a7c01f4815525d8ecb79') in 0.004057 seconds
  Import took 0.006242 seconds .

========================================================================
Received Import Request.
  Time since last request: 0.000220 seconds.
  path: Assets/c3323acf-5866-4f3f-ba60-77c154a9c378_60.asset
  artifactKey: Guid(5727edf79cd9b3c40a63e1f9812a4ec9) Importer(815301076,1909f56bfc062723c751e8b465ee728b)
Start importing Assets/c3323acf-5866-4f3f-ba60-77c154a9c378_60.asset using Guid(5727edf79cd9b3c40a63e1f9812a4ec9) Importer(815301076,1909f56bfc062723c751e8b465ee728b)  -> (artifact id: 'a5bd730d7f31ac260c66f28ed25597bd') in 0.004587 seconds
  Import took 0.006830 seconds .

========================================================================
Received Import Request.
  Time since last request: 0.000232 seconds.
  path: Assets/c3323acf-5866-4f3f-ba60-77c154a9c378_45.asset
  artifactKey: Guid(2c559a4a2c581444cac80b80d3851282) Importer(815301076,1909f56bfc062723c751e8b465ee728b)
Start importing Assets/c3323acf-5866-4f3f-ba60-77c154a9c378_45.asset using Guid(2c559a4a2c581444cac80b80d3851282) Importer(815301076,1909f56bfc062723c751e8b465ee728b)  -> (artifact id: 'cc654d5721616d0f0abbff19d35e6e30') in 0.004741 seconds
  Import took 0.007141 seconds .

========================================================================
Received Import Request.
  Time since last request: 0.000260 seconds.
  path: Assets/c3323acf-5866-4f3f-ba60-77c154a9c378_7.asset
  artifactKey: Guid(7a2e2aa5d67f12948b31077368f448b1) Importer(815301076,1909f56bfc062723c751e8b465ee728b)
Start importing Assets/c3323acf-5866-4f3f-ba60-77c154a9c378_7.asset using Guid(7a2e2aa5d67f12948b31077368f448b1) Importer(815301076,1909f56bfc062723c751e8b465ee728b)  -> (artifact id: '1c370202055e454ab15ea5967fd1dfb7') in 0.004266 seconds
  Import took 0.006756 seconds .

========================================================================
Received Import Request.
  Time since last request: 0.000198 seconds.
  path: Assets/c3323acf-5866-4f3f-ba60-77c154a9c378_1.asset
  artifactKey: Guid(3791ec93fa85d8b44a838c53fd0fb6be) Importer(815301076,1909f56bfc062723c751e8b465ee728b)
Start importing Assets/c3323acf-5866-4f3f-ba60-77c154a9c378_1.asset using Guid(3791ec93fa85d8b44a838c53fd0fb6be) Importer(815301076,1909f56bfc062723c751e8b465ee728b)  -> (artifact id: '89e9a54edd00993463be37d83bf5d376') in 0.004105 seconds
  Import took 0.006378 seconds .

========================================================================
Received Import Request.
  Time since last request: 0.000244 seconds.
  path: Assets/c3323acf-5866-4f3f-ba60-77c154a9c378_26.asset
  artifactKey: Guid(356c174e733741740beaa3555939a337) Importer(815301076,1909f56bfc062723c751e8b465ee728b)
Start importing Assets/c3323acf-5866-4f3f-ba60-77c154a9c378_26.asset using Guid(356c174e733741740beaa3555939a337) Importer(815301076,1909f56bfc062723c751e8b465ee728b)  -> (artifact id: '1b4baf984a58f7c4376ef62aeec9088c') in 0.004582 seconds
  Import took 0.006942 seconds .

========================================================================
Received Import Request.
  Time since last request: 0.000227 seconds.
  path: Assets/c3323acf-5866-4f3f-ba60-77c154a9c378_58.asset
  artifactKey: Guid(f50991f5400349147b4c8ce7ab360100) Importer(815301076,1909f56bfc062723c751e8b465ee728b)
Start importing Assets/c3323acf-5866-4f3f-ba60-77c154a9c378_58.asset using Guid(f50991f5400349147b4c8ce7ab360100) Importer(815301076,1909f56bfc062723c751e8b465ee728b)  -> (artifact id: 'c4133f53746e446cd21c6888cd807615') in 0.005181 seconds
  Import took 0.007694 seconds .

========================================================================
Received Import Request.
  Time since last request: 0.000216 seconds.
  path: Assets/c3323acf-5866-4f3f-ba60-77c154a9c378_49.asset
  artifactKey: Guid(e446a8d8bfda7f444be89bd2aef68b56) Importer(815301076,1909f56bfc062723c751e8b465ee728b)
Start importing Assets/c3323acf-5866-4f3f-ba60-77c154a9c378_49.asset using Guid(e446a8d8bfda7f444be89bd2aef68b56) Importer(815301076,1909f56bfc062723c751e8b465ee728b)  -> (artifact id: 'ae4c05e248bdf2d212db5015ba5d01c0') in 0.004709 seconds
  Import took 0.007421 seconds .

========================================================================
Received Import Request.
  Time since last request: 0.000222 seconds.
  path: Assets/c3323acf-5866-4f3f-ba60-77c154a9c378_20.asset
  artifactKey: Guid(1625d7f7c70d68b4d9dfc7504e3c6ee2) Importer(815301076,1909f56bfc062723c751e8b465ee728b)
Start importing Assets/c3323acf-5866-4f3f-ba60-77c154a9c378_20.asset using Guid(1625d7f7c70d68b4d9dfc7504e3c6ee2) Importer(815301076,1909f56bfc062723c751e8b465ee728b)  -> (artifact id: 'f4ac4a1a63037e11336f1b71d8e9553d') in 0.004391 seconds
  Import took 0.006960 seconds .

========================================================================
Received Import Request.
  Time since last request: 0.000252 seconds.
  path: Assets/c3323acf-5866-4f3f-ba60-77c154a9c378_9.asset
  artifactKey: Guid(7203ae3ad5d604a4eac7d2c7ea24da6b) Importer(815301076,1909f56bfc062723c751e8b465ee728b)
Start importing Assets/c3323acf-5866-4f3f-ba60-77c154a9c378_9.asset using Guid(7203ae3ad5d604a4eac7d2c7ea24da6b) Importer(815301076,1909f56bfc062723c751e8b465ee728b)  -> (artifact id: '60e5552d7f9b71468cab6c3f292a5040') in 0.004705 seconds
  Import took 0.007651 seconds .

========================================================================
Received Import Request.
  Time since last request: 0.000224 seconds.
  path: Assets/c3323acf-5866-4f3f-ba60-77c154a9c378_3.asset
  artifactKey: Guid(bd87e2dd36ef50d48a25860e70d06308) Importer(815301076,1909f56bfc062723c751e8b465ee728b)
Start importing Assets/c3323acf-5866-4f3f-ba60-77c154a9c378_3.asset using Guid(bd87e2dd36ef50d48a25860e70d06308) Importer(815301076,1909f56bfc062723c751e8b465ee728b)  -> (artifact id: 'a426ee9593db564947cfb4d41fd55e61') in 0.004877 seconds
  Import took 0.007425 seconds .

========================================================================
Received Import Request.
  Time since last request: 0.000141 seconds.
  path: Assets/c3323acf-5866-4f3f-ba60-77c154a9c378_16.asset
  artifactKey: Guid(c674dc307acaf9a488080f8c8b627e3a) Importer(815301076,1909f56bfc062723c751e8b465ee728b)
Start importing Assets/c3323acf-5866-4f3f-ba60-77c154a9c378_16.asset using Guid(c674dc307acaf9a488080f8c8b627e3a) Importer(815301076,1909f56bfc062723c751e8b465ee728b)  -> (artifact id: 'fc27b619f051814ac54b9d9c871916b2') in 0.004248 seconds
  Import took 0.006497 seconds .

========================================================================
Received Import Request.
  Time since last request: 0.000147 seconds.
  path: Assets/c3323acf-5866-4f3f-ba60-77c154a9c378_39.asset
  artifactKey: Guid(00b43d485eaf26e48ba43cd2e59c5058) Importer(815301076,1909f56bfc062723c751e8b465ee728b)
Start importing Assets/c3323acf-5866-4f3f-ba60-77c154a9c378_39.asset using Guid(00b43d485eaf26e48ba43cd2e59c5058) Importer(815301076,1909f56bfc062723c751e8b465ee728b)  -> (artifact id: 'db81b0abb960b5f334660de06fd79a69') in 0.008728 seconds
  Import took 0.011160 seconds .

========================================================================
Received Import Request.
  Time since last request: 0.000165 seconds.
  path: Assets/c3323acf-5866-4f3f-ba60-77c154a9c378_19.asset
  artifactKey: Guid(f37c299115cb19e4b80e78a2ef774abe) Importer(815301076,1909f56bfc062723c751e8b465ee728b)
Start importing Assets/c3323acf-5866-4f3f-ba60-77c154a9c378_19.asset using Guid(f37c299115cb19e4b80e78a2ef774abe) Importer(815301076,1909f56bfc062723c751e8b465ee728b)  -> (artifact id: 'd3a120f5439bed2ce8955c7ab1cbd469') in 0.004269 seconds
  Import took 0.006679 seconds .

========================================================================
Received Import Request.
  Time since last request: 0.000237 seconds.
  path: Assets/c3323acf-5866-4f3f-ba60-77c154a9c378_56.asset
  artifactKey: Guid(c02191b20b1daa1449d64134a1b8ff65) Importer(815301076,1909f56bfc062723c751e8b465ee728b)
Start importing Assets/c3323acf-5866-4f3f-ba60-77c154a9c378_56.asset using Guid(c02191b20b1daa1449d64134a1b8ff65) Importer(815301076,1909f56bfc062723c751e8b465ee728b)  -> (artifact id: '1505519f09cdb057da4d696689245390') in 0.004958 seconds
  Import took 0.007254 seconds .

========================================================================
Received Import Request.
  Time since last request: 0.000245 seconds.
  path: Assets/c3323acf-5866-4f3f-ba60-77c154a9c378_42.asset
  artifactKey: Guid(7fe2b4b9c71232c44b788d49a6692826) Importer(815301076,1909f56bfc062723c751e8b465ee728b)
Start importing Assets/c3323acf-5866-4f3f-ba60-77c154a9c378_42.asset using Guid(7fe2b4b9c71232c44b788d49a6692826) Importer(815301076,1909f56bfc062723c751e8b465ee728b)  -> (artifact id: 'c2153377fb7fa697374e6096c9273d67') in 0.004272 seconds
  Import took 0.006658 seconds .

========================================================================
Received Import Request.
  Time since last request: 0.000261 seconds.
  path: Assets/c3323acf-5866-4f3f-ba60-77c154a9c378_50.asset
  artifactKey: Guid(1cb5eb31dc8f30648976a42b8060215f) Importer(815301076,1909f56bfc062723c751e8b465ee728b)
Start importing Assets/c3323acf-5866-4f3f-ba60-77c154a9c378_50.asset using Guid(1cb5eb31dc8f30648976a42b8060215f) Importer(815301076,1909f56bfc062723c751e8b465ee728b)  -> (artifact id: 'a7aa312774f381fb0c06d78a9ece9327') in 0.004387 seconds
  Import took 0.006968 seconds .

========================================================================
Received Import Request.
  Time since last request: 0.000257 seconds.
  path: Assets/c3323acf-5866-4f3f-ba60-77c154a9c378_40.asset
  artifactKey: Guid(49680e03c17f11d48a1a12607bcb3b19) Importer(815301076,1909f56bfc062723c751e8b465ee728b)
Start importing Assets/c3323acf-5866-4f3f-ba60-77c154a9c378_40.asset using Guid(49680e03c17f11d48a1a12607bcb3b19) Importer(815301076,1909f56bfc062723c751e8b465ee728b)  -> (artifact id: '91812a2a6e1a63b626433257fef0057b') in 0.004212 seconds
  Import took 0.006405 seconds .

========================================================================
Received Import Request.
  Time since last request: 0.000235 seconds.
  path: Assets/c3323acf-5866-4f3f-ba60-77c154a9c378_28.asset
  artifactKey: Guid(098fef76779226c4c827cb75a4645ad5) Importer(815301076,1909f56bfc062723c751e8b465ee728b)
Start importing Assets/c3323acf-5866-4f3f-ba60-77c154a9c378_28.asset using Guid(098fef76779226c4c827cb75a4645ad5) Importer(815301076,1909f56bfc062723c751e8b465ee728b)  -> (artifact id: '6bce29aa0886e6cf3f6111a4b271d033') in 0.004171 seconds
  Import took 0.006384 seconds .

========================================================================
Received Import Request.
  Time since last request: 0.000229 seconds.
  path: Assets/c3323acf-5866-4f3f-ba60-77c154a9c378_17.asset
  artifactKey: Guid(71b89812016e02544b8f2cb560c690dc) Importer(815301076,1909f56bfc062723c751e8b465ee728b)
Start importing Assets/c3323acf-5866-4f3f-ba60-77c154a9c378_17.asset using Guid(71b89812016e02544b8f2cb560c690dc) Importer(815301076,1909f56bfc062723c751e8b465ee728b)  -> (artifact id: '33f03dfeacb1821ad7b5e4f47b5207d6') in 0.004300 seconds
  Import took 0.006559 seconds .

========================================================================
Received Import Request.
  Time since last request: 0.000230 seconds.
  path: Assets/c3323acf-5866-4f3f-ba60-77c154a9c378_23.asset
  artifactKey: Guid(2faf89b06e02a3649811900977323316) Importer(815301076,1909f56bfc062723c751e8b465ee728b)
Start importing Assets/c3323acf-5866-4f3f-ba60-77c154a9c378_23.asset using Guid(2faf89b06e02a3649811900977323316) Importer(815301076,1909f56bfc062723c751e8b465ee728b)  -> (artifact id: '93b9b9e7ed18cb022bad786d344d6269') in 0.005813 seconds
  Import took 0.008269 seconds .

========================================================================
Received Import Request.
  Time since last request: 0.000213 seconds.
  path: Assets/c3323acf-5866-4f3f-ba60-77c154a9c378_65.asset
  artifactKey: Guid(4e9e62b75d9f4424aa5877acd6450936) Importer(815301076,1909f56bfc062723c751e8b465ee728b)
Start importing Assets/c3323acf-5866-4f3f-ba60-77c154a9c378_65.asset using Guid(4e9e62b75d9f4424aa5877acd6450936) Importer(815301076,1909f56bfc062723c751e8b465ee728b)  -> (artifact id: '55e95ec46aa1a764e254c538681e100d') in 0.004626 seconds
  Import took 0.006980 seconds .

========================================================================
Received Import Request.
  Time since last request: 0.000211 seconds.
  path: Assets/c3323acf-5866-4f3f-ba60-77c154a9c378_13.asset
  artifactKey: Guid(7490b76de9762ed4d9acaca3f315117e) Importer(815301076,1909f56bfc062723c751e8b465ee728b)
Start importing Assets/c3323acf-5866-4f3f-ba60-77c154a9c378_13.asset using Guid(7490b76de9762ed4d9acaca3f315117e) Importer(815301076,1909f56bfc062723c751e8b465ee728b)  -> (artifact id: 'f091e8f035770409cfceb247fe29b022') in 0.004810 seconds
  Import took 0.007131 seconds .

========================================================================
Received Import Request.
  Time since last request: 0.000284 seconds.
  path: Assets/c3323acf-5866-4f3f-ba60-77c154a9c378_8.asset
  artifactKey: Guid(534be0042bd04934fb07272c834ec995) Importer(815301076,1909f56bfc062723c751e8b465ee728b)
Start importing Assets/c3323acf-5866-4f3f-ba60-77c154a9c378_8.asset using Guid(534be0042bd04934fb07272c834ec995) Importer(815301076,1909f56bfc062723c751e8b465ee728b)  -> (artifact id: '89f04744cc5ae5b0e1076baa4337bda8') in 0.005480 seconds
  Import took 0.008326 seconds .

========================================================================
Received Import Request.
  Time since last request: 0.000222 seconds.
  path: Assets/c3323acf-5866-4f3f-ba60-77c154a9c378_18.asset
  artifactKey: Guid(00bde27bf7a7032458af4461dd58c0d8) Importer(815301076,1909f56bfc062723c751e8b465ee728b)
Start importing Assets/c3323acf-5866-4f3f-ba60-77c154a9c378_18.asset using Guid(00bde27bf7a7032458af4461dd58c0d8) Importer(815301076,1909f56bfc062723c751e8b465ee728b)  -> (artifact id: 'b3ce3918ac21ae60525238fe081b3209') in 0.005006 seconds
  Import took 0.007525 seconds .

========================================================================
Received Import Request.
  Time since last request: 0.000211 seconds.
  path: Assets/c3323acf-5866-4f3f-ba60-77c154a9c378_25.asset
  artifactKey: Guid(78d5cdc61c0e87c449ebd16cb3ad797f) Importer(815301076,1909f56bfc062723c751e8b465ee728b)
Start importing Assets/c3323acf-5866-4f3f-ba60-77c154a9c378_25.asset using Guid(78d5cdc61c0e87c449ebd16cb3ad797f) Importer(815301076,1909f56bfc062723c751e8b465ee728b)  -> (artifact id: 'd74d5e9ddad44c6abfa01774d5cf5779') in 0.004339 seconds
  Import took 0.007052 seconds .

========================================================================
Received Import Request.
  Time since last request: 0.000232 seconds.
  path: Assets/c3323acf-5866-4f3f-ba60-77c154a9c378_31.asset
  artifactKey: Guid(3c81719774fc0e24f91baab039100542) Importer(815301076,1909f56bfc062723c751e8b465ee728b)
Start importing Assets/c3323acf-5866-4f3f-ba60-77c154a9c378_31.asset using Guid(3c81719774fc0e24f91baab039100542) Importer(815301076,1909f56bfc062723c751e8b465ee728b)  -> (artifact id: '68f76d9a42478a95bfb0d5cade0aaece') in 0.004423 seconds
  Import took 0.006735 seconds .

========================================================================
Received Import Request.
  Time since last request: 0.000230 seconds.
  path: Assets/c3323acf-5866-4f3f-ba60-77c154a9c378_29.asset
  artifactKey: Guid(fb19bec70eb3f454f8066c4312f54f51) Importer(815301076,1909f56bfc062723c751e8b465ee728b)
Start importing Assets/c3323acf-5866-4f3f-ba60-77c154a9c378_29.asset using Guid(fb19bec70eb3f454f8066c4312f54f51) Importer(815301076,1909f56bfc062723c751e8b465ee728b)  -> (artifact id: '80c3d31fb0979bb8f565941820a2bdad') in 0.005240 seconds
  Import took 0.007899 seconds .

========================================================================
Received Import Request.
  Time since last request: 0.000239 seconds.
  path: Assets/c3323acf-5866-4f3f-ba60-77c154a9c378_64.asset
  artifactKey: Guid(81a5d58d567b970488ce51d56eb4777c) Importer(815301076,1909f56bfc062723c751e8b465ee728b)
Start importing Assets/c3323acf-5866-4f3f-ba60-77c154a9c378_64.asset using Guid(81a5d58d567b970488ce51d56eb4777c) Importer(815301076,1909f56bfc062723c751e8b465ee728b)  -> (artifact id: '31b6637920bcfc8137bc9036e142d1c4') in 0.004674 seconds
  Import took 0.007182 seconds .

========================================================================
Received Import Request.
  Time since last request: 0.000217 seconds.
  path: Assets/c3323acf-5866-4f3f-ba60-77c154a9c378_38.asset
  artifactKey: Guid(d1d2851687045f04ab6a37f976b98061) Importer(815301076,1909f56bfc062723c751e8b465ee728b)
Start importing Assets/c3323acf-5866-4f3f-ba60-77c154a9c378_38.asset using Guid(d1d2851687045f04ab6a37f976b98061) Importer(815301076,1909f56bfc062723c751e8b465ee728b)  -> (artifact id: '832324a0b7b4539ba89f96035a442544') in 0.004663 seconds
  Import took 0.006945 seconds .

========================================================================
Received Import Request.
  Time since last request: 0.000223 seconds.
  path: Assets/c3323acf-5866-4f3f-ba60-77c154a9c378_51.asset
  artifactKey: Guid(f43e74790707e954381d968aca7a12aa) Importer(815301076,1909f56bfc062723c751e8b465ee728b)
Start importing Assets/c3323acf-5866-4f3f-ba60-77c154a9c378_51.asset using Guid(f43e74790707e954381d968aca7a12aa) Importer(815301076,1909f56bfc062723c751e8b465ee728b)  -> (artifact id: '18a2cdf672f3de03d97479e60221f391') in 0.004628 seconds
  Import took 0.007057 seconds .

========================================================================
Received Import Request.
  Time since last request: 0.000258 seconds.
  path: Assets/c3323acf-5866-4f3f-ba60-77c154a9c378_52.asset
  artifactKey: Guid(7be4431a82b085d4baec5ac1a5e0a05c) Importer(815301076,1909f56bfc062723c751e8b465ee728b)
Start importing Assets/c3323acf-5866-4f3f-ba60-77c154a9c378_52.asset using Guid(7be4431a82b085d4baec5ac1a5e0a05c) Importer(815301076,1909f56bfc062723c751e8b465ee728b)  -> (artifact id: 'a46ac3b09467ef01cba42b4601a61f4d') in 0.004653 seconds
  Import took 0.006940 seconds .

========================================================================
Received Import Request.
  Time since last request: 0.000255 seconds.
  path: Assets/c3323acf-5866-4f3f-ba60-77c154a9c378_53.asset
  artifactKey: Guid(68ac34aee41d41f439cb72d1fe1c2987) Importer(815301076,1909f56bfc062723c751e8b465ee728b)
Start importing Assets/c3323acf-5866-4f3f-ba60-77c154a9c378_53.asset using Guid(68ac34aee41d41f439cb72d1fe1c2987) Importer(815301076,1909f56bfc062723c751e8b465ee728b)  -> (artifact id: '37ad7041ce2eddc670736cab5d52b0e5') in 0.004156 seconds
  Import took 0.006317 seconds .

========================================================================
Received Import Request.
  Time since last request: 0.000364 seconds.
  path: Assets/c3323acf-5866-4f3f-ba60-77c154a9c378_62.asset
  artifactKey: Guid(04e40bdca29d7be41b4476afef514907) Importer(815301076,1909f56bfc062723c751e8b465ee728b)
Start importing Assets/c3323acf-5866-4f3f-ba60-77c154a9c378_62.asset using Guid(04e40bdca29d7be41b4476afef514907) Importer(815301076,1909f56bfc062723c751e8b465ee728b)  -> (artifact id: 'e9c74f31e902f37cb23a65c2743a73d3') in 0.004667 seconds
  Import took 0.007570 seconds .

========================================================================
Received Import Request.
  Time since last request: 0.000329 seconds.
  path: Assets/c3323acf-5866-4f3f-ba60-77c154a9c378_21.asset
  artifactKey: Guid(961b1430efeca4e48b0e48b951881121) Importer(815301076,1909f56bfc062723c751e8b465ee728b)
Start importing Assets/c3323acf-5866-4f3f-ba60-77c154a9c378_21.asset using Guid(961b1430efeca4e48b0e48b951881121) Importer(815301076,1909f56bfc062723c751e8b465ee728b)  -> (artifact id: '94f523a2d5e6c635c64798a023309574') in 0.004434 seconds
  Import took 0.007941 seconds .

========================================================================
Received Import Request.
  Time since last request: 0.000230 seconds.
  path: Assets/c3323acf-5866-4f3f-ba60-77c154a9c378_27.asset
  artifactKey: Guid(6bc8f3fc2c0f81e4c956afe8080edde3) Importer(815301076,1909f56bfc062723c751e8b465ee728b)
Start importing Assets/c3323acf-5866-4f3f-ba60-77c154a9c378_27.asset using Guid(6bc8f3fc2c0f81e4c956afe8080edde3) Importer(815301076,1909f56bfc062723c751e8b465ee728b)  -> (artifact id: '8967749d5b6ca107bc6d60ae3162fd9d') in 0.004411 seconds
  Import took 0.007011 seconds .

========================================================================
Received Import Request.
  Time since last request: 0.000221 seconds.
  path: Assets/c3323acf-5866-4f3f-ba60-77c154a9c378_43.asset
  artifactKey: Guid(da9bfa647c608ed4692f13a158f67d19) Importer(815301076,1909f56bfc062723c751e8b465ee728b)
Start importing Assets/c3323acf-5866-4f3f-ba60-77c154a9c378_43.asset using Guid(da9bfa647c608ed4692f13a158f67d19) Importer(815301076,1909f56bfc062723c751e8b465ee728b)  -> (artifact id: '7a546d61b073f67f0422f528e0d3c864') in 0.005400 seconds
  Import took 0.007923 seconds .

========================================================================
Received Import Request.
  Time since last request: 0.000215 seconds.
  path: Assets/c3323acf-5866-4f3f-ba60-77c154a9c378_4.asset
  artifactKey: Guid(f48aa70b332be9a4287f86d5f0dfed7a) Importer(815301076,1909f56bfc062723c751e8b465ee728b)
Start importing Assets/c3323acf-5866-4f3f-ba60-77c154a9c378_4.asset using Guid(f48aa70b332be9a4287f86d5f0dfed7a) Importer(815301076,1909f56bfc062723c751e8b465ee728b)  -> (artifact id: '87c30e15d213eb2471e31447eb17d9ae') in 0.005127 seconds
  Import took 0.007713 seconds .

========================================================================
Received Import Request.
  Time since last request: 0.000209 seconds.
  path: Assets/c3323acf-5866-4f3f-ba60-77c154a9c378_11.asset
  artifactKey: Guid(38d5f5b9d5250ac408ee9c5a3d65e2f7) Importer(815301076,1909f56bfc062723c751e8b465ee728b)
Start importing Assets/c3323acf-5866-4f3f-ba60-77c154a9c378_11.asset using Guid(38d5f5b9d5250ac408ee9c5a3d65e2f7) Importer(815301076,1909f56bfc062723c751e8b465ee728b)  -> (artifact id: '33735f1aef0ba22a762809eb3fac3c35') in 0.005048 seconds
  Import took 0.007571 seconds .

========================================================================
Received Import Request.
  Time since last request: 0.000218 seconds.
  path: Assets/c3323acf-5866-4f3f-ba60-77c154a9c378_5.asset
  artifactKey: Guid(ce91313763332c24f9cd8d88482e1744) Importer(815301076,1909f56bfc062723c751e8b465ee728b)
Start importing Assets/c3323acf-5866-4f3f-ba60-77c154a9c378_5.asset using Guid(ce91313763332c24f9cd8d88482e1744) Importer(815301076,1909f56bfc062723c751e8b465ee728b)  -> (artifact id: '1042e3575b138117b0d98e75aab5aad9') in 0.004708 seconds
  Import took 0.007262 seconds .

========================================================================
Received Import Request.
  Time since last request: 0.000244 seconds.
  path: Assets/c3323acf-5866-4f3f-ba60-77c154a9c378_14.asset
  artifactKey: Guid(87cdb3d800765f2499e19b5a2dc382d1) Importer(815301076,1909f56bfc062723c751e8b465ee728b)
Start importing Assets/c3323acf-5866-4f3f-ba60-77c154a9c378_14.asset using Guid(87cdb3d800765f2499e19b5a2dc382d1) Importer(815301076,1909f56bfc062723c751e8b465ee728b)  -> (artifact id: '6cac56b64f5fdab971ff3a394cdade06') in 0.005203 seconds
  Import took 0.008081 seconds .

========================================================================
Received Import Request.
  Time since last request: 0.000419 seconds.
  path: Assets/c3323acf-5866-4f3f-ba60-77c154a9c378_55.asset
  artifactKey: Guid(4fb3381a34e93f549a2e48571a373a89) Importer(815301076,1909f56bfc062723c751e8b465ee728b)
Start importing Assets/c3323acf-5866-4f3f-ba60-77c154a9c378_55.asset using Guid(4fb3381a34e93f549a2e48571a373a89) Importer(815301076,1909f56bfc062723c751e8b465ee728b)  -> (artifact id: '17ecb7f79a77d9079118836179bbce52') in 0.004653 seconds
  Import took 0.007841 seconds .

========================================================================
Received Import Request.
  Time since last request: 0.000205 seconds.
  path: Assets/c3323acf-5866-4f3f-ba60-77c154a9c378_22.asset
  artifactKey: Guid(007af273e10683a46a557fadb5e5fc46) Importer(815301076,1909f56bfc062723c751e8b465ee728b)
Start importing Assets/c3323acf-5866-4f3f-ba60-77c154a9c378_22.asset using Guid(007af273e10683a46a557fadb5e5fc46) Importer(815301076,1909f56bfc062723c751e8b465ee728b)  -> (artifact id: '1e393eb9c46c3836d19e0b404021854f') in 0.004260 seconds
  Import took 0.006537 seconds .

========================================================================
Received Import Request.
  Time since last request: 0.000191 seconds.
  path: Assets/c3323acf-5866-4f3f-ba60-77c154a9c378_48.asset
  artifactKey: Guid(25d37e21f76544d4d954a60c91f93ca6) Importer(815301076,1909f56bfc062723c751e8b465ee728b)
Start importing Assets/c3323acf-5866-4f3f-ba60-77c154a9c378_48.asset using Guid(25d37e21f76544d4d954a60c91f93ca6) Importer(815301076,1909f56bfc062723c751e8b465ee728b)  -> (artifact id: '721c5257d42e9e044ef2936958bc2b15') in 0.004186 seconds
  Import took 0.006515 seconds .

AssetImportWorkerClient::OnTransportError - code=2 error=End of file
