Using pre-set license
Built from '2020.2/release' branch; Version is '2020.2.1f1 (270dd8c3da1c) revision 2559448'; Using compiler version '192528614'; Build Type 'Release'
OS: 'Windows 10  (10.0.0) 64bit' Language: 'en' Physical Memory: 16257 MB
BatchMode: 1, IsHumanControllingUs: 0, StartBugReporterOnCrash: 0, Is64bit: 1, IsPro: 0

 COMMAND LINE ARGUMENTS:
C:\Program Files\Unity\Hub\Editor\2020.2.1f1\Editor\Unity.exe
-adb2
-batchMode
-noUpm
-name
AssetImportWorker0
-projectPath
C:/Users/austi/MonsterMaster/MonsterMasterUnity
-logFile
Logs/AssetImportWorker0.log
-srvPort
50915
Successfully changed project path to: C:/Users/austi/MonsterMaster/MonsterMasterUnity
C:/Users/austi/MonsterMaster/MonsterMasterUnity
Using Asset Import Pipeline V2.
Refreshing native plugins compatible for Editor in 29.51 ms, found 1 plugins.
Preloading 0 native plugins for Editor in 0.00 ms.
Initialize engine version: 2020.2.1f1 (270dd8c3da1c)
[Subsystems] Discovering subsystems at path C:/Program Files/Unity/Hub/Editor/2020.2.1f1/Editor/Data/Resources/UnitySubsystems
[Subsystems] Discovering subsystems at path C:/Users/austi/MonsterMaster/MonsterMasterUnity/Assets
GfxDevice: creating device client; threaded=0
Direct3D:
    Version:  Direct3D 11.0 [level 11.1]
    Renderer: NVIDIA GeForce GTX 1660 Ti (ID=0x2182)
    Vendor:   
    VRAM:     5991 MB
    Driver:   27.21.14.5671
Initialize mono
Mono path[0] = 'C:/Program Files/Unity/Hub/Editor/2020.2.1f1/Editor/Data/Managed'
Mono path[1] = 'C:/Program Files/Unity/Hub/Editor/2020.2.1f1/Editor/Data/MonoBleedingEdge/lib/mono/unityjit'
Mono config path = 'C:/Program Files/Unity/Hub/Editor/2020.2.1f1/Editor/Data/MonoBleedingEdge/etc'
Using monoOptions --debugger-agent=transport=dt_socket,embedding=1,server=y,suspend=n,address=127.0.0.1:56328
Begin MonoManager ReloadAssembly
Registering precompiled unity dll's ...
Register platform support module: C:/Program Files/Unity/Hub/Editor/2020.2.1f1/Editor/Data/PlaybackEngines/WindowsStandaloneSupport/UnityEditor.WindowsStandalone.Extensions.dll
Registered in 0.001634 seconds.
Native extension for WindowsStandalone target not found
Refreshing native plugins compatible for Editor in 27.92 ms, found 1 plugins.
Preloading 0 native plugins for Editor in 0.00 ms.
Invoked RoslynAnalysisRunner static constructor.
RoslynAnalysisRunner will not be running.
RoslynAnalysisRunner has terminated.
Mono: successfully reloaded assembly
- Completed reload, in  0.827 seconds
Platform modules already initialized, skipping
Registering precompiled user dll's ...
Registered in 0.000955 seconds.
Begin MonoManager ReloadAssembly
Native extension for WindowsStandalone target not found
Refreshing native plugins compatible for Editor in 28.54 ms, found 1 plugins.
Preloading 0 native plugins for Editor in 0.00 ms.
Invoked RoslynAnalysisRunner static constructor.
RoslynAnalysisRunner will not be running.
RoslynAnalysisRunner has terminated.
Mono: successfully reloaded assembly
- Completed reload, in  0.706 seconds
Platform modules already initialized, skipping
========================================================================
Worker process is ready to serve import requests
Launched and connected shader compiler UnityShaderCompiler.exe after 0.04 seconds
Refreshing native plugins compatible for Editor in 0.30 ms, found 1 plugins.
Preloading 0 native plugins for Editor in 0.00 ms.
Unloading 1769 Unused Serialized files (Serialized files now loaded: 0)
System memory in use before: 83.1 MB.
System memory in use after: 83.2 MB.

Unloading 19 unused Assets to reduce memory usage. Loaded Objects now: 2213.
Total: 1.712900 ms (FindLiveObjects: 0.222800 ms CreateObjectMapping: 0.055100 ms MarkObjects: 1.398700 ms  DeleteObjects: 0.035400 ms)

========================================================================
Received Import Request.
  path: Assets/Sprites/CharacterSprites/BaseMaleSprites
  artifactKey: Guid(5d5870fb339646643990306883025468) Importer(815301076,1909f56bfc062723c751e8b465ee728b)
Start importing Assets/Sprites/CharacterSprites/BaseMaleSprites using Guid(5d5870fb339646643990306883025468) Importer(815301076,1909f56bfc062723c751e8b465ee728b)  -> (artifact id: 'c2766307ac0d3a6706590f6213212f95') in 0.003744 seconds
  Import took 0.006035 seconds .

========================================================================
Received Import Request.
  Time since last request: 19.918250 seconds.
  path: Assets/Sprites/CharacterSprites/BaseMaleSprites/BaseMaleBackwards.png
  artifactKey: Guid(ce387ad3d7c08fc468df2e26df11ce1b) Importer(815301076,1909f56bfc062723c751e8b465ee728b)
Start importing Assets/Sprites/CharacterSprites/BaseMaleSprites/BaseMaleBackwards.png using Guid(ce387ad3d7c08fc468df2e26df11ce1b) Importer(815301076,1909f56bfc062723c751e8b465ee728b)  -> (artifact id: '7b4302cac2a18a85fdf868e70c5a7cb7') in 0.102007 seconds
  Import took 0.104520 seconds .

========================================================================
Received Import Request.
  Time since last request: 0.000210 seconds.
  path: Assets/Sprites/CharacterSprites/BaseMaleSprites/BaseMaleHoriz.png
  artifactKey: Guid(10a1b5dfa0ff76141861c27f3d8b5575) Importer(815301076,1909f56bfc062723c751e8b465ee728b)
Start importing Assets/Sprites/CharacterSprites/BaseMaleSprites/BaseMaleHoriz.png using Guid(10a1b5dfa0ff76141861c27f3d8b5575) Importer(815301076,1909f56bfc062723c751e8b465ee728b)  -> (artifact id: 'f187057a83af306aed59a9e2d10f07d4') in 0.007307 seconds
  Import took 0.009644 seconds .

========================================================================
Received Import Request.
  Time since last request: 0.000180 seconds.
  path: Assets/Sprites/CharacterSprites/BaseMaleSprites/BaseMaleForwards.png
  artifactKey: Guid(52c72990b3475ba418c336a1cba5ba39) Importer(815301076,1909f56bfc062723c751e8b465ee728b)
Start importing Assets/Sprites/CharacterSprites/BaseMaleSprites/BaseMaleForwards.png using Guid(52c72990b3475ba418c336a1cba5ba39) Importer(815301076,1909f56bfc062723c751e8b465ee728b)  -> (artifact id: 'dd6747b1864da5d6a931d5aff22e7149') in 0.020431 seconds
  Import took 0.022818 seconds .

========================================================================
Received Import Request.
  Time since last request: 0.000295 seconds.
  path: Assets/Sprites/CharacterSprites/BaseMaleSprites/BaseMaleHoriz.png
  artifactKey: Guid(10a1b5dfa0ff76141861c27f3d8b5575) Importer(815301076,1909f56bfc062723c751e8b465ee728b)
Start importing Assets/Sprites/CharacterSprites/BaseMaleSprites/BaseMaleHoriz.png using Guid(10a1b5dfa0ff76141861c27f3d8b5575) Importer(815301076,1909f56bfc062723c751e8b465ee728b)  -> (artifact id: 'f187057a83af306aed59a9e2d10f07d4') in 0.005358 seconds
  Import took 0.007797 seconds .

========================================================================
Received Import Request.
  Time since last request: 42.155989 seconds.
  path: Assets/Sprites/CharacterSprites/BaseMaleSprites/BaseMaleBackwards.png
  artifactKey: Guid(ce387ad3d7c08fc468df2e26df11ce1b) Importer(815301076,1909f56bfc062723c751e8b465ee728b)
Start importing Assets/Sprites/CharacterSprites/BaseMaleSprites/BaseMaleBackwards.png using Guid(ce387ad3d7c08fc468df2e26df11ce1b) Importer(815301076,1909f56bfc062723c751e8b465ee728b)  -> (artifact id: 'cd99da5240ad36977e5ad38b93fb0eec') in 0.018480 seconds
  Import took 0.021138 seconds .

========================================================================
Received Import Request.
  Time since last request: 0.058819 seconds.
  path: Assets/Sprites/CharacterSprites/BaseMaleSprites/BaseMaleBackwards.png
  artifactKey: Guid(ce387ad3d7c08fc468df2e26df11ce1b) Importer(815301076,1909f56bfc062723c751e8b465ee728b)
Start importing Assets/Sprites/CharacterSprites/BaseMaleSprites/BaseMaleBackwards.png using Guid(ce387ad3d7c08fc468df2e26df11ce1b) Importer(815301076,1909f56bfc062723c751e8b465ee728b)  -> (artifact id: 'cd99da5240ad36977e5ad38b93fb0eec') in 0.033114 seconds
  Import took 0.035560 seconds .

========================================================================
Received Import Request.
  Time since last request: 42.483550 seconds.
  path: Assets/Sprites/CharacterSprites/BaseMaleSprites/BaseMaleBackwards.png
  artifactKey: Guid(ce387ad3d7c08fc468df2e26df11ce1b) Importer(815301076,1909f56bfc062723c751e8b465ee728b)
Start importing Assets/Sprites/CharacterSprites/BaseMaleSprites/BaseMaleBackwards.png using Guid(ce387ad3d7c08fc468df2e26df11ce1b) Importer(815301076,1909f56bfc062723c751e8b465ee728b)  -> (artifact id: 'f1fa6ec0be9100fb9a89f7914816db45') in 0.069694 seconds
  Import took 0.072263 seconds .

AssetImportWorkerClient::OnTransportError - code=2 error=End of file
