Using pre-set license
Built from '2020.2/release' branch; Version is '2020.2.1f1 (270dd8c3da1c) revision 2559448'; Using compiler version '192528614'; Build Type 'Release'
OS: 'Windows 10  (10.0.0) 64bit' Language: 'en' Physical Memory: 16257 MB
BatchMode: 1, IsHumanControllingUs: 0, StartBugReporterOnCrash: 0, Is64bit: 1, IsPro: 0

 COMMAND LINE ARGUMENTS:
C:\Program Files\Unity\Hub\Editor\2020.2.1f1\Editor\Unity.exe
-adb2
-batchMode
-noUpm
-name
AssetImportWorker0
-projectPath
C:/Users/austi/MonsterMaster/MonsterMasterUnity
-logFile
Logs/AssetImportWorker0.log
-srvPort
52053
Successfully changed project path to: C:/Users/austi/MonsterMaster/MonsterMasterUnity
C:/Users/austi/MonsterMaster/MonsterMasterUnity
Using Asset Import Pipeline V2.
Refreshing native plugins compatible for Editor in 31.30 ms, found 1 plugins.
Preloading 0 native plugins for Editor in 0.00 ms.
Initialize engine version: 2020.2.1f1 (270dd8c3da1c)
[Subsystems] Discovering subsystems at path C:/Program Files/Unity/Hub/Editor/2020.2.1f1/Editor/Data/Resources/UnitySubsystems
[Subsystems] Discovering subsystems at path C:/Users/austi/MonsterMaster/MonsterMasterUnity/Assets
GfxDevice: creating device client; threaded=0
Direct3D:
    Version:  Direct3D 11.0 [level 11.1]
    Renderer: NVIDIA GeForce GTX 1660 Ti (ID=0x2182)
    Vendor:   
    VRAM:     5991 MB
    Driver:   27.21.14.5671
Initialize mono
Mono path[0] = 'C:/Program Files/Unity/Hub/Editor/2020.2.1f1/Editor/Data/Managed'
Mono path[1] = 'C:/Program Files/Unity/Hub/Editor/2020.2.1f1/Editor/Data/MonoBleedingEdge/lib/mono/unityjit'
Mono config path = 'C:/Program Files/Unity/Hub/Editor/2020.2.1f1/Editor/Data/MonoBleedingEdge/etc'
Using monoOptions --debugger-agent=transport=dt_socket,embedding=1,server=y,suspend=n,address=127.0.0.1:56784
Begin MonoManager ReloadAssembly
Registering precompiled unity dll's ...
Register platform support module: C:/Program Files/Unity/Hub/Editor/2020.2.1f1/Editor/Data/PlaybackEngines/WindowsStandaloneSupport/UnityEditor.WindowsStandalone.Extensions.dll
Registered in 0.001608 seconds.
Native extension for WindowsStandalone target not found
Refreshing native plugins compatible for Editor in 31.82 ms, found 1 plugins.
Preloading 0 native plugins for Editor in 0.00 ms.
Invoked RoslynAnalysisRunner static constructor.
RoslynAnalysisRunner will not be running.
RoslynAnalysisRunner has terminated.
Mono: successfully reloaded assembly
- Completed reload, in  0.828 seconds
Platform modules already initialized, skipping
Registering precompiled user dll's ...
Registered in 0.000920 seconds.
Begin MonoManager ReloadAssembly
Native extension for WindowsStandalone target not found
Refreshing native plugins compatible for Editor in 31.82 ms, found 1 plugins.
Preloading 0 native plugins for Editor in 0.00 ms.
Invoked RoslynAnalysisRunner static constructor.
RoslynAnalysisRunner will not be running.
RoslynAnalysisRunner has terminated.
Mono: successfully reloaded assembly
- Completed reload, in  0.731 seconds
Platform modules already initialized, skipping
========================================================================
Worker process is ready to serve import requests
Launched and connected shader compiler UnityShaderCompiler.exe after 0.04 seconds
Refreshing native plugins compatible for Editor in 0.34 ms, found 1 plugins.
Preloading 0 native plugins for Editor in 0.00 ms.
Unloading 1878 Unused Serialized files (Serialized files now loaded: 0)
System memory in use before: 86.7 MB.
System memory in use after: 86.8 MB.

Unloading 19 unused Assets to reduce memory usage. Loaded Objects now: 2323.
Total: 2.174800 ms (FindLiveObjects: 0.256600 ms CreateObjectMapping: 0.092600 ms MarkObjects: 1.747400 ms  DeleteObjects: 0.077700 ms)

========================================================================
Received Import Request.
  path: Assets/PersistentObjects/BaseMale.prefab
  artifactKey: Guid(fe02c369c20167e4f821f5bb03929824) Importer(815301076,1909f56bfc062723c751e8b465ee728b)
Start importing Assets/PersistentObjects/BaseMale.prefab using Guid(fe02c369c20167e4f821f5bb03929824) Importer(815301076,1909f56bfc062723c751e8b465ee728b)  -> (artifact id: '4ce19e95100d87d2779f8ebf4f461624') in 0.076916 seconds
  Import took 0.080294 seconds .

========================================================================
Received Import Request.
  Time since last request: 41.063739 seconds.
  path: Assets/PersistentObjects/Main Camera.prefab
  artifactKey: Guid(b62d098a1214ed345aa199a1fec600e2) Importer(815301076,1909f56bfc062723c751e8b465ee728b)
Start importing Assets/PersistentObjects/Main Camera.prefab using Guid(b62d098a1214ed345aa199a1fec600e2) Importer(815301076,1909f56bfc062723c751e8b465ee728b)  -> (artifact id: 'fc7be42670abdf45e9c17a62fee9d43b') in 0.005739 seconds
  Import took 0.008457 seconds .

========================================================================
Received Import Request.
  Time since last request: 24.634875 seconds.
  path: Assets/Scenes/MenuScenes/MainMenu.unity
  artifactKey: Guid(b3ef870b16cf2fa41a772b078f7ef694) Importer(815301076,1909f56bfc062723c751e8b465ee728b)
Start importing Assets/Scenes/MenuScenes/MainMenu.unity using Guid(b3ef870b16cf2fa41a772b078f7ef694) Importer(815301076,1909f56bfc062723c751e8b465ee728b)  -> (artifact id: '5499e515332e258ebfae3a5e355ec182') in 0.002393 seconds
  Import took 0.004880 seconds .

========================================================================
Received Import Request.
  Time since last request: 104.741592 seconds.
  path: Assets/Sprites/UISprites/Menu/MainMenu/MainMenu_Background.png
  artifactKey: Guid(d48d66c787d34704c9d694e84864d440) Importer(815301076,1909f56bfc062723c751e8b465ee728b)
Start importing Assets/Sprites/UISprites/Menu/MainMenu/MainMenu_Background.png using Guid(d48d66c787d34704c9d694e84864d440) Importer(815301076,1909f56bfc062723c751e8b465ee728b)  -> (artifact id: '83543fb1770624e42164ea0512237fbd') in 0.066823 seconds
  Import took 0.069526 seconds .

========================================================================
Received Import Request.
  Time since last request: 102.013820 seconds.
  path: Assets/PersistentObjects/Button.prefab
  artifactKey: Guid(9f93a354c3217864d98abe0e06c9cc45) Importer(815301076,1909f56bfc062723c751e8b465ee728b)
Start importing Assets/PersistentObjects/Button.prefab using Guid(9f93a354c3217864d98abe0e06c9cc45) Importer(815301076,1909f56bfc062723c751e8b465ee728b)  -> (artifact id: '6d5f2683415ba53e901ca3f195aaf622') in 0.003105 seconds
  Import took 0.006137 seconds .

========================================================================
Received Import Request.
  Time since last request: 19.405461 seconds.
  path: Assets/PersistentObjects/Button.prefab
  artifactKey: Guid(9f93a354c3217864d98abe0e06c9cc45) Importer(815301076,1909f56bfc062723c751e8b465ee728b)
Start importing Assets/PersistentObjects/Button.prefab using Guid(9f93a354c3217864d98abe0e06c9cc45) Importer(815301076,1909f56bfc062723c751e8b465ee728b)  -> (artifact id: '592a2b8924c89a74460b84afdaf7aa1a') in 0.002689 seconds
  Import took 0.005178 seconds .

========================================================================
Received Import Request.
  Time since last request: 36.811938 seconds.
  path: Assets/Scripts/ButtonController.cs
  artifactKey: Guid(d7c41f7c4bff7624fad3920260b0aede) Importer(815301076,1909f56bfc062723c751e8b465ee728b)
Start importing Assets/Scripts/ButtonController.cs using Guid(d7c41f7c4bff7624fad3920260b0aede) Importer(815301076,1909f56bfc062723c751e8b465ee728b)  -> (artifact id: '7a55d8588f1045ee9634d5f7e9c71147') in 0.026991 seconds
  Import took 0.029630 seconds .

========================================================================
Received Prepare
Registering precompiled user dll's ...
Registered in 0.000930 seconds.
Begin MonoManager ReloadAssembly
Native extension for WindowsStandalone target not found
Refreshing native plugins compatible for Editor in 0.34 ms, found 1 plugins.
Preloading 0 native plugins for Editor in 0.00 ms.
Invoked RoslynAnalysisRunner static constructor.
RoslynAnalysisRunner will not be running.
RoslynAnalysisRunner has terminated.
Mono: successfully reloaded assembly
- Completed reload, in  0.675 seconds
Platform modules already initialized, skipping
Refreshing native plugins compatible for Editor in 0.36 ms, found 1 plugins.
Preloading 0 native plugins for Editor in 0.00 ms.
Unloading 1870 Unused Serialized files (Serialized files now loaded: 0)
System memory in use before: 89.6 MB.
System memory in use after: 89.7 MB.

Unloading 8 unused Assets to reduce memory usage. Loaded Objects now: 2335.
Total: 1.796400 ms (FindLiveObjects: 0.144900 ms CreateObjectMapping: 0.047300 ms MarkObjects: 1.588200 ms  DeleteObjects: 0.015200 ms)

========================================================================
Received Import Request.
  Time since last request: 1328.702395 seconds.
  path: Assets/Sprites/UISprites/Menu/MainMenu/MainMenu_NewGame.png
  artifactKey: Guid(5c687fd1022460345842ec1e5af48d7e) Importer(815301076,1909f56bfc062723c751e8b465ee728b)
Start importing Assets/Sprites/UISprites/Menu/MainMenu/MainMenu_NewGame.png using Guid(5c687fd1022460345842ec1e5af48d7e) Importer(815301076,1909f56bfc062723c751e8b465ee728b)  -> (artifact id: '05fa521b88ac823bbee527f308560871') in 0.042426 seconds
  Import took 0.045570 seconds .

========================================================================
Received Import Request.
  Time since last request: 43.968641 seconds.
  path: Assets/Scripts/ButtonController.cs
  artifactKey: Guid(d7c41f7c4bff7624fad3920260b0aede) Importer(815301076,1909f56bfc062723c751e8b465ee728b)
Start importing Assets/Scripts/ButtonController.cs using Guid(d7c41f7c4bff7624fad3920260b0aede) Importer(815301076,1909f56bfc062723c751e8b465ee728b)  -> (artifact id: '33f82f45b950053c45ebb5b0cd891523') in 0.001712 seconds
  Import took 0.004460 seconds .

========================================================================
Received Import Request.
  Time since last request: 32.399347 seconds.
  path: Assets/Scripts/ButtonController.cs
  artifactKey: Guid(d7c41f7c4bff7624fad3920260b0aede) Importer(815301076,1909f56bfc062723c751e8b465ee728b)
Start importing Assets/Scripts/ButtonController.cs using Guid(d7c41f7c4bff7624fad3920260b0aede) Importer(815301076,1909f56bfc062723c751e8b465ee728b)  -> (artifact id: 'fc42d7502da064d0aa8ea2934df79324') in 0.002168 seconds
  Import took 0.004804 seconds .

========================================================================
Received Prepare
Registering precompiled user dll's ...
Registered in 0.000933 seconds.
Begin MonoManager ReloadAssembly
Native extension for WindowsStandalone target not found
Refreshing native plugins compatible for Editor in 0.33 ms, found 1 plugins.
Preloading 0 native plugins for Editor in 0.00 ms.
Invoked RoslynAnalysisRunner static constructor.
RoslynAnalysisRunner will not be running.
RoslynAnalysisRunner has terminated.
Mono: successfully reloaded assembly
- Completed reload, in  0.668 seconds
Platform modules already initialized, skipping
Refreshing native plugins compatible for Editor in 0.35 ms, found 1 plugins.
Preloading 0 native plugins for Editor in 0.00 ms.
Unloading 1870 Unused Serialized files (Serialized files now loaded: 0)
System memory in use before: 89.7 MB.
System memory in use after: 89.8 MB.

Unloading 8 unused Assets to reduce memory usage. Loaded Objects now: 2340.
Total: 1.557400 ms (FindLiveObjects: 0.146400 ms CreateObjectMapping: 0.051100 ms MarkObjects: 1.345100 ms  DeleteObjects: 0.013900 ms)

========================================================================
Received Import Request.
  Time since last request: 188.215548 seconds.
  path: Assets/Sprites/UISprites/Menu/MainMenu/MainMenu_NewGame_selected.png
  artifactKey: Guid(8e4c9b216dde1634fa02f8a583452985) Importer(815301076,1909f56bfc062723c751e8b465ee728b)
Start importing Assets/Sprites/UISprites/Menu/MainMenu/MainMenu_NewGame_selected.png using Guid(8e4c9b216dde1634fa02f8a583452985) Importer(815301076,1909f56bfc062723c751e8b465ee728b)  -> (artifact id: '5269411bed8d1eddce538be6a96cb94a') in 0.040102 seconds
  Import took 0.042839 seconds .

========================================================================
Received Import Request.
  Time since last request: 10.523838 seconds.
  path: Assets/Sprites/UISprites/Menu/MainMenu/MainMenu_LoadGame.png
  artifactKey: Guid(2d33832b887c8bb4a8ac5c839d2abae8) Importer(815301076,1909f56bfc062723c751e8b465ee728b)
Start importing Assets/Sprites/UISprites/Menu/MainMenu/MainMenu_LoadGame.png using Guid(2d33832b887c8bb4a8ac5c839d2abae8) Importer(815301076,1909f56bfc062723c751e8b465ee728b)  -> (artifact id: '372e9ec17727754e855292a6208deacb') in 0.011377 seconds
  Import took 0.014290 seconds .

========================================================================
Received Import Request.
  Time since last request: 25.406935 seconds.
  path: Assets/Sprites/UISprites/Menu/MainMenu/MainMenu_LoadSelected.png
  artifactKey: Guid(533e5f223b3b96f44b837b96025b0247) Importer(815301076,1909f56bfc062723c751e8b465ee728b)
Start importing Assets/Sprites/UISprites/Menu/MainMenu/MainMenu_LoadSelected.png using Guid(533e5f223b3b96f44b837b96025b0247) Importer(815301076,1909f56bfc062723c751e8b465ee728b)  -> (artifact id: '1b3c7694af6415bcd9c2124ada297fa9') in 0.016817 seconds
  Import took 0.019420 seconds .

========================================================================
Received Import Request.
  Time since last request: 200.019346 seconds.
  path: Assets/Sprites/UISprites/Menu/MainMenu/MainMenu_MusicStore.png
  artifactKey: Guid(f681c76a04666f94b8030677b8c39883) Importer(815301076,1909f56bfc062723c751e8b465ee728b)
Start importing Assets/Sprites/UISprites/Menu/MainMenu/MainMenu_MusicStore.png using Guid(f681c76a04666f94b8030677b8c39883) Importer(815301076,1909f56bfc062723c751e8b465ee728b)  -> (artifact id: '3a8e2dbabba191d8a0c6891befa7021c') in 0.014029 seconds
  Import took 0.016965 seconds .

========================================================================
Received Import Request.
  Time since last request: 266.750786 seconds.
  path: Assets/Sprites/UISprites/Menu/MainMenu/MainMenu_Credits.png
  artifactKey: Guid(405bea4f428113247a90d7b74ea6cf82) Importer(815301076,1909f56bfc062723c751e8b465ee728b)
Start importing Assets/Sprites/UISprites/Menu/MainMenu/MainMenu_Credits.png using Guid(405bea4f428113247a90d7b74ea6cf82) Importer(815301076,1909f56bfc062723c751e8b465ee728b)  -> (artifact id: 'dccdc4d951db98e2b4eefedc19167445') in 0.010974 seconds
  Import took 0.014109 seconds .

========================================================================
Received Import Request.
  Time since last request: 4.914722 seconds.
  path: Assets/Sprites/UISprites/Menu/MainMenu/MainMenu_Credits_Selected.png
  artifactKey: Guid(16dd6f4c4ac408c4db49cba10c48a840) Importer(815301076,1909f56bfc062723c751e8b465ee728b)
Start importing Assets/Sprites/UISprites/Menu/MainMenu/MainMenu_Credits_Selected.png using Guid(16dd6f4c4ac408c4db49cba10c48a840) Importer(815301076,1909f56bfc062723c751e8b465ee728b)  -> (artifact id: '2491b6623a84c55cb9a6adb91a9a8703') in 0.015454 seconds
  Import took 0.017989 seconds .

========================================================================
Received Prepare
Registering precompiled user dll's ...
Registered in 0.000962 seconds.
Begin MonoManager ReloadAssembly
Native extension for WindowsStandalone target not found
Refreshing native plugins compatible for Editor in 0.34 ms, found 1 plugins.
Preloading 0 native plugins for Editor in 0.00 ms.
Invoked RoslynAnalysisRunner static constructor.
RoslynAnalysisRunner will not be running.
RoslynAnalysisRunner has terminated.
Mono: successfully reloaded assembly
- Completed reload, in  0.657 seconds
Platform modules already initialized, skipping
Refreshing native plugins compatible for Editor in 0.34 ms, found 1 plugins.
Preloading 0 native plugins for Editor in 0.00 ms.
Unloading 1870 Unused Serialized files (Serialized files now loaded: 0)
System memory in use before: 89.9 MB.
System memory in use after: 90.0 MB.

Unloading 8 unused Assets to reduce memory usage. Loaded Objects now: 2343.
Total: 1.594100 ms (FindLiveObjects: 0.199500 ms CreateObjectMapping: 0.090800 ms MarkObjects: 1.289800 ms  DeleteObjects: 0.013000 ms)

========================================================================
Received Prepare
Registering precompiled user dll's ...
Registered in 0.001144 seconds.
Begin MonoManager ReloadAssembly
Native extension for WindowsStandalone target not found
Refreshing native plugins compatible for Editor in 0.67 ms, found 1 plugins.
Preloading 0 native plugins for Editor in 0.00 ms.
Invoked RoslynAnalysisRunner static constructor.
RoslynAnalysisRunner will not be running.
RoslynAnalysisRunner has terminated.
Mono: successfully reloaded assembly
- Completed reload, in  0.817 seconds
Platform modules already initialized, skipping
Refreshing native plugins compatible for Editor in 0.42 ms, found 1 plugins.
Preloading 0 native plugins for Editor in 0.00 ms.
Unloading 1870 Unused Serialized files (Serialized files now loaded: 0)
System memory in use before: 90.0 MB.
System memory in use after: 90.1 MB.

Unloading 8 unused Assets to reduce memory usage. Loaded Objects now: 2345.
Total: 1.948100 ms (FindLiveObjects: 0.206400 ms CreateObjectMapping: 0.060300 ms MarkObjects: 1.659500 ms  DeleteObjects: 0.020700 ms)

========================================================================
Received Import Request.
  Time since last request: 109.032461 seconds.
  path: Assets/Scripts/ButtonController.cs
  artifactKey: Guid(d7c41f7c4bff7624fad3920260b0aede) Importer(815301076,1909f56bfc062723c751e8b465ee728b)
Start importing Assets/Scripts/ButtonController.cs using Guid(d7c41f7c4bff7624fad3920260b0aede) Importer(815301076,1909f56bfc062723c751e8b465ee728b)  -> (artifact id: '1b0a62e427ecb01de7d2e57c7c0761db') in 0.004558 seconds
  Import took 0.007617 seconds .

========================================================================
Received Prepare
Registering precompiled user dll's ...
Registered in 0.001013 seconds.
Begin MonoManager ReloadAssembly
Native extension for WindowsStandalone target not found
Refreshing native plugins compatible for Editor in 0.35 ms, found 1 plugins.
Preloading 0 native plugins for Editor in 0.00 ms.
Invoked RoslynAnalysisRunner static constructor.
RoslynAnalysisRunner will not be running.
RoslynAnalysisRunner has terminated.
Mono: successfully reloaded assembly
- Completed reload, in  0.861 seconds
Platform modules already initialized, skipping
Refreshing native plugins compatible for Editor in 0.40 ms, found 1 plugins.
Preloading 0 native plugins for Editor in 0.00 ms.
Unloading 1870 Unused Serialized files (Serialized files now loaded: 0)
System memory in use before: 90.1 MB.
System memory in use after: 90.2 MB.

Unloading 8 unused Assets to reduce memory usage. Loaded Objects now: 2347.
Total: 1.714200 ms (FindLiveObjects: 0.158500 ms CreateObjectMapping: 0.053700 ms MarkObjects: 1.488800 ms  DeleteObjects: 0.012500 ms)

========================================================================
Received Import Request.
  Time since last request: 89.117428 seconds.
  path: Assets/Scripts/ButtonController.cs
  artifactKey: Guid(d7c41f7c4bff7624fad3920260b0aede) Importer(815301076,1909f56bfc062723c751e8b465ee728b)
Start importing Assets/Scripts/ButtonController.cs using Guid(d7c41f7c4bff7624fad3920260b0aede) Importer(815301076,1909f56bfc062723c751e8b465ee728b)  -> (artifact id: '59a1b163e203d180d0e35c3e82bdce36') in 0.004358 seconds
  Import took 0.007108 seconds .

========================================================================
Received Prepare
Registering precompiled user dll's ...
Registered in 0.000961 seconds.
Begin MonoManager ReloadAssembly
Native extension for WindowsStandalone target not found
Refreshing native plugins compatible for Editor in 0.34 ms, found 1 plugins.
Preloading 0 native plugins for Editor in 0.00 ms.
Invoked RoslynAnalysisRunner static constructor.
RoslynAnalysisRunner will not be running.
RoslynAnalysisRunner has terminated.
Mono: successfully reloaded assembly
- Completed reload, in  0.669 seconds
Platform modules already initialized, skipping
Refreshing native plugins compatible for Editor in 0.34 ms, found 1 plugins.
Preloading 0 native plugins for Editor in 0.00 ms.
Unloading 1870 Unused Serialized files (Serialized files now loaded: 0)
System memory in use before: 90.4 MB.
System memory in use after: 90.5 MB.

Unloading 8 unused Assets to reduce memory usage. Loaded Objects now: 2349.
Total: 1.814100 ms (FindLiveObjects: 0.163400 ms CreateObjectMapping: 0.059900 ms MarkObjects: 1.574300 ms  DeleteObjects: 0.015600 ms)

========================================================================
Received Prepare
Registering precompiled user dll's ...
Registered in 0.000980 seconds.
Begin MonoManager ReloadAssembly
Native extension for WindowsStandalone target not found
Refreshing native plugins compatible for Editor in 0.34 ms, found 1 plugins.
Preloading 0 native plugins for Editor in 0.00 ms.
Invoked RoslynAnalysisRunner static constructor.
RoslynAnalysisRunner will not be running.
RoslynAnalysisRunner has terminated.
Mono: successfully reloaded assembly
- Completed reload, in  0.657 seconds
Platform modules already initialized, skipping
Refreshing native plugins compatible for Editor in 0.29 ms, found 1 plugins.
Preloading 0 native plugins for Editor in 0.00 ms.
Unloading 1870 Unused Serialized files (Serialized files now loaded: 0)
System memory in use before: 90.5 MB.
System memory in use after: 90.6 MB.

Unloading 8 unused Assets to reduce memory usage. Loaded Objects now: 2351.
Total: 1.725900 ms (FindLiveObjects: 0.186000 ms CreateObjectMapping: 0.059000 ms MarkObjects: 1.468400 ms  DeleteObjects: 0.011900 ms)

========================================================================
Received Prepare
Registering precompiled user dll's ...
Registered in 0.000975 seconds.
Begin MonoManager ReloadAssembly
Native extension for WindowsStandalone target not found
Refreshing native plugins compatible for Editor in 0.35 ms, found 1 plugins.
Preloading 0 native plugins for Editor in 0.00 ms.
Invoked RoslynAnalysisRunner static constructor.
RoslynAnalysisRunner will not be running.
RoslynAnalysisRunner has terminated.
Mono: successfully reloaded assembly
- Completed reload, in  0.668 seconds
Platform modules already initialized, skipping
Refreshing native plugins compatible for Editor in 0.33 ms, found 1 plugins.
Preloading 0 native plugins for Editor in 0.00 ms.
Unloading 1870 Unused Serialized files (Serialized files now loaded: 0)
System memory in use before: 90.6 MB.
System memory in use after: 90.7 MB.

Unloading 8 unused Assets to reduce memory usage. Loaded Objects now: 2353.
Total: 1.510200 ms (FindLiveObjects: 0.179800 ms CreateObjectMapping: 0.071800 ms MarkObjects: 1.247000 ms  DeleteObjects: 0.011000 ms)

========================================================================
Received Prepare
Registering precompiled user dll's ...
Registered in 0.001012 seconds.
Begin MonoManager ReloadAssembly
Native extension for WindowsStandalone target not found
Refreshing native plugins compatible for Editor in 0.38 ms, found 1 plugins.
Preloading 0 native plugins for Editor in 0.00 ms.
Invoked RoslynAnalysisRunner static constructor.
RoslynAnalysisRunner will not be running.
RoslynAnalysisRunner has terminated.
Mono: successfully reloaded assembly
- Completed reload, in  0.808 seconds
Platform modules already initialized, skipping
Refreshing native plugins compatible for Editor in 0.44 ms, found 1 plugins.
Preloading 0 native plugins for Editor in 0.00 ms.
Unloading 1870 Unused Serialized files (Serialized files now loaded: 0)
System memory in use before: 90.7 MB.
System memory in use after: 90.8 MB.

Unloading 8 unused Assets to reduce memory usage. Loaded Objects now: 2355.
Total: 1.564000 ms (FindLiveObjects: 0.155700 ms CreateObjectMapping: 0.052600 ms MarkObjects: 1.344600 ms  DeleteObjects: 0.010600 ms)

========================================================================
Received Prepare
Registering precompiled user dll's ...
Registered in 0.000999 seconds.
Begin MonoManager ReloadAssembly
Native extension for WindowsStandalone target not found
Refreshing native plugins compatible for Editor in 0.35 ms, found 1 plugins.
Preloading 0 native plugins for Editor in 0.00 ms.
Invoked RoslynAnalysisRunner static constructor.
RoslynAnalysisRunner will not be running.
RoslynAnalysisRunner has terminated.
Mono: successfully reloaded assembly
- Completed reload, in  0.663 seconds
Platform modules already initialized, skipping
Refreshing native plugins compatible for Editor in 0.40 ms, found 1 plugins.
Preloading 0 native plugins for Editor in 0.00 ms.
Unloading 1870 Unused Serialized files (Serialized files now loaded: 0)
System memory in use before: 90.8 MB.
System memory in use after: 90.9 MB.

Unloading 8 unused Assets to reduce memory usage. Loaded Objects now: 2357.
Total: 1.724900 ms (FindLiveObjects: 0.178100 ms CreateObjectMapping: 0.054900 ms MarkObjects: 1.479200 ms  DeleteObjects: 0.011600 ms)

========================================================================
Received Prepare
Registering precompiled user dll's ...
Registered in 0.001128 seconds.
Begin MonoManager ReloadAssembly
Native extension for WindowsStandalone target not found
Refreshing native plugins compatible for Editor in 0.35 ms, found 1 plugins.
Preloading 0 native plugins for Editor in 0.00 ms.
Invoked RoslynAnalysisRunner static constructor.
RoslynAnalysisRunner will not be running.
RoslynAnalysisRunner has terminated.
Mono: successfully reloaded assembly
- Completed reload, in  0.832 seconds
Platform modules already initialized, skipping
Refreshing native plugins compatible for Editor in 0.39 ms, found 1 plugins.
Preloading 0 native plugins for Editor in 0.00 ms.
Unloading 1870 Unused Serialized files (Serialized files now loaded: 0)
System memory in use before: 90.9 MB.
System memory in use after: 91.0 MB.

Unloading 8 unused Assets to reduce memory usage. Loaded Objects now: 2359.
Total: 1.903200 ms (FindLiveObjects: 0.195400 ms CreateObjectMapping: 0.059700 ms MarkObjects: 1.634000 ms  DeleteObjects: 0.013300 ms)

========================================================================
Received Prepare
Registering precompiled user dll's ...
Registered in 0.001008 seconds.
Begin MonoManager ReloadAssembly
Native extension for WindowsStandalone target not found
Refreshing native plugins compatible for Editor in 0.34 ms, found 1 plugins.
Preloading 0 native plugins for Editor in 0.00 ms.
Invoked RoslynAnalysisRunner static constructor.
RoslynAnalysisRunner will not be running.
RoslynAnalysisRunner has terminated.
Mono: successfully reloaded assembly
- Completed reload, in  0.662 seconds
Platform modules already initialized, skipping
Refreshing native plugins compatible for Editor in 0.33 ms, found 1 plugins.
Preloading 0 native plugins for Editor in 0.00 ms.
Unloading 1870 Unused Serialized files (Serialized files now loaded: 0)
System memory in use before: 91.0 MB.
System memory in use after: 91.1 MB.

Unloading 8 unused Assets to reduce memory usage. Loaded Objects now: 2361.
Total: 1.679200 ms (FindLiveObjects: 0.191200 ms CreateObjectMapping: 0.070600 ms MarkObjects: 1.403600 ms  DeleteObjects: 0.012800 ms)

========================================================================
Received Prepare
Registering precompiled user dll's ...
Registered in 0.000956 seconds.
Begin MonoManager ReloadAssembly
Native extension for WindowsStandalone target not found
Refreshing native plugins compatible for Editor in 0.34 ms, found 1 plugins.
Preloading 0 native plugins for Editor in 0.00 ms.
Invoked RoslynAnalysisRunner static constructor.
RoslynAnalysisRunner will not be running.
RoslynAnalysisRunner has terminated.
Mono: successfully reloaded assembly
- Completed reload, in  0.652 seconds
Platform modules already initialized, skipping
Refreshing native plugins compatible for Editor in 0.33 ms, found 1 plugins.
Preloading 0 native plugins for Editor in 0.00 ms.
Unloading 1870 Unused Serialized files (Serialized files now loaded: 0)
System memory in use before: 91.1 MB.
System memory in use after: 91.2 MB.

Unloading 8 unused Assets to reduce memory usage. Loaded Objects now: 2363.
Total: 1.658400 ms (FindLiveObjects: 0.178700 ms CreateObjectMapping: 0.071500 ms MarkObjects: 1.392800 ms  DeleteObjects: 0.014600 ms)

========================================================================
Received Import Request.
  Time since last request: 666.120354 seconds.
  path: Assets/Sprites/UISprites/Menu/MainMenu/MainMenu_MusicStore_Selected.png
  artifactKey: Guid(a32cb9618a5c84840b98f58a82389188) Importer(815301076,1909f56bfc062723c751e8b465ee728b)
Start importing Assets/Sprites/UISprites/Menu/MainMenu/MainMenu_MusicStore_Selected.png using Guid(a32cb9618a5c84840b98f58a82389188) Importer(815301076,1909f56bfc062723c751e8b465ee728b)  -> (artifact id: '0879ed011375f7d3271792901948123f') in 0.044881 seconds
  Import took 0.047723 seconds .

========================================================================
Received Import Request.
  Time since last request: 322.107816 seconds.
  path: Assets/Sprites/UISprites/Menu/MainMenu/MainMenu_Crystals/Crystals.controller
  artifactKey: Guid(2d3121b0c3f00964e98e62ea22780e20) Importer(815301076,1909f56bfc062723c751e8b465ee728b)
Start importing Assets/Sprites/UISprites/Menu/MainMenu/MainMenu_Crystals/Crystals.controller using Guid(2d3121b0c3f00964e98e62ea22780e20) Importer(815301076,1909f56bfc062723c751e8b465ee728b)  -> (artifact id: 'bb3e312ee28748f46ab0b72c24510281') in 0.004535 seconds
  Import took 0.007386 seconds .

========================================================================
Received Import Request.
  Time since last request: 0.000303 seconds.
  path: Assets/Sprites/UISprites/Menu/MainMenu/MainMenu_Crystals/Crystals.controller
  artifactKey: Guid(2d3121b0c3f00964e98e62ea22780e20) Importer(815301076,1909f56bfc062723c751e8b465ee728b)
Start importing Assets/Sprites/UISprites/Menu/MainMenu/MainMenu_Crystals/Crystals.controller using Guid(2d3121b0c3f00964e98e62ea22780e20) Importer(815301076,1909f56bfc062723c751e8b465ee728b)  -> (artifact id: 'bb3e312ee28748f46ab0b72c24510281') in 0.001955 seconds
  Import took 0.004324 seconds .

========================================================================
Received Import Request.
  Time since last request: 2.936013 seconds.
  path: Assets/Sprites/UISprites/Menu/MainMenu/MainMenu_Crystals/New Animation.anim
  artifactKey: Guid(b527399cd88372645995927a6f9042b9) Importer(815301076,1909f56bfc062723c751e8b465ee728b)
Start importing Assets/Sprites/UISprites/Menu/MainMenu/MainMenu_Crystals/New Animation.anim using Guid(b527399cd88372645995927a6f9042b9) Importer(815301076,1909f56bfc062723c751e8b465ee728b)  -> (artifact id: '484744f748e18b746f5a9e0da8726e46') in 0.003537 seconds
  Import took 0.006058 seconds .

========================================================================
Received Import Request.
  Time since last request: 0.004406 seconds.
  path: Assets/Sprites/UISprites/Menu/MainMenu/MainMenu_Crystals/New Animation.anim
  artifactKey: Guid(b527399cd88372645995927a6f9042b9) Importer(815301076,1909f56bfc062723c751e8b465ee728b)
Start importing Assets/Sprites/UISprites/Menu/MainMenu/MainMenu_Crystals/New Animation.anim using Guid(b527399cd88372645995927a6f9042b9) Importer(815301076,1909f56bfc062723c751e8b465ee728b)  -> (artifact id: '484744f748e18b746f5a9e0da8726e46') in 0.002572 seconds
  Import took 0.005133 seconds .

========================================================================
Received Import Request.
  Time since last request: 6.402195 seconds.
  path: Assets/Sprites/UISprites/Menu/MainMenu/MainMenu_Crystals/Crystals.anim
  artifactKey: Guid(b527399cd88372645995927a6f9042b9) Importer(815301076,1909f56bfc062723c751e8b465ee728b)
Start importing Assets/Sprites/UISprites/Menu/MainMenu/MainMenu_Crystals/Crystals.anim using Guid(b527399cd88372645995927a6f9042b9) Importer(815301076,1909f56bfc062723c751e8b465ee728b)  -> (artifact id: '563587812d599c3901c807f45f5c5b2e') in 0.002223 seconds
  Import took 0.005037 seconds .

========================================================================
Received Import Request.
  Time since last request: 114.305168 seconds.
  path: Assets/Sprites/UISprites/Menu/MainMenu/MainMenu_Crystals/MainMenu_Crystals_strip28.png
  artifactKey: Guid(3815d74bf2c20154f83a395a14bbe8f5) Importer(815301076,1909f56bfc062723c751e8b465ee728b)
Start importing Assets/Sprites/UISprites/Menu/MainMenu/MainMenu_Crystals/MainMenu_Crystals_strip28.png using Guid(3815d74bf2c20154f83a395a14bbe8f5) Importer(815301076,1909f56bfc062723c751e8b465ee728b)  -> (artifact id: '9940574a7bf1160c2a837ddc5360b51e') in 0.064989 seconds
  Import took 0.067902 seconds .

========================================================================
Received Import Request.
  Time since last request: 14.257711 seconds.
  path: Assets/Sprites/UISprites/Menu/MainMenu/MainMenu_Crystals/Crystals.anim
  artifactKey: Guid(b527399cd88372645995927a6f9042b9) Importer(815301076,1909f56bfc062723c751e8b465ee728b)
Start importing Assets/Sprites/UISprites/Menu/MainMenu/MainMenu_Crystals/Crystals.anim using Guid(b527399cd88372645995927a6f9042b9) Importer(815301076,1909f56bfc062723c751e8b465ee728b)  -> (artifact id: '2ca4b84910667fe52116e06a7f4c2e7d') in 0.002348 seconds
  Import took 0.004717 seconds .

========================================================================
Received Import Request.
  Time since last request: 0.007010 seconds.
  path: Assets/Sprites/UISprites/Menu/MainMenu/MainMenu_Crystals/Crystals.anim
  artifactKey: Guid(b527399cd88372645995927a6f9042b9) Importer(815301076,1909f56bfc062723c751e8b465ee728b)
Start importing Assets/Sprites/UISprites/Menu/MainMenu/MainMenu_Crystals/Crystals.anim using Guid(b527399cd88372645995927a6f9042b9) Importer(815301076,1909f56bfc062723c751e8b465ee728b)  -> (artifact id: '2ca4b84910667fe52116e06a7f4c2e7d') in 0.002805 seconds
  Import took 0.005238 seconds .

========================================================================
Received Prepare
Registering precompiled user dll's ...
Registered in 0.001040 seconds.
Begin MonoManager ReloadAssembly
Native extension for WindowsStandalone target not found
Refreshing native plugins compatible for Editor in 0.34 ms, found 1 plugins.
Preloading 0 native plugins for Editor in 0.00 ms.
Invoked RoslynAnalysisRunner static constructor.
RoslynAnalysisRunner will not be running.
RoslynAnalysisRunner has terminated.
Mono: successfully reloaded assembly
- Completed reload, in  0.734 seconds
Platform modules already initialized, skipping
Refreshing native plugins compatible for Editor in 0.32 ms, found 1 plugins.
Preloading 0 native plugins for Editor in 0.00 ms.
Unloading 1870 Unused Serialized files (Serialized files now loaded: 0)
System memory in use before: 91.2 MB.
System memory in use after: 91.3 MB.

Unloading 8 unused Assets to reduce memory usage. Loaded Objects now: 2369.
Total: 1.882000 ms (FindLiveObjects: 0.173600 ms CreateObjectMapping: 0.068400 ms MarkObjects: 1.621000 ms  DeleteObjects: 0.017700 ms)

========================================================================
Received Import Request.
  Time since last request: 44.366596 seconds.
  path: Assets/Sprites/UISprites/Menu/MainMenu/MainMenu_Crystals/Crystals.anim
  artifactKey: Guid(b527399cd88372645995927a6f9042b9) Importer(815301076,1909f56bfc062723c751e8b465ee728b)
Start importing Assets/Sprites/UISprites/Menu/MainMenu/MainMenu_Crystals/Crystals.anim using Guid(b527399cd88372645995927a6f9042b9) Importer(815301076,1909f56bfc062723c751e8b465ee728b)  -> (artifact id: '2a58223dd161b78d0e5e2e71d828a289') in 0.010076 seconds
  Import took 0.012668 seconds .

========================================================================
Received Prepare
Registering precompiled user dll's ...
Registered in 0.000829 seconds.
Begin MonoManager ReloadAssembly
Native extension for WindowsStandalone target not found
Refreshing native plugins compatible for Editor in 0.34 ms, found 1 plugins.
Preloading 0 native plugins for Editor in 0.00 ms.
Invoked RoslynAnalysisRunner static constructor.
RoslynAnalysisRunner will not be running.
RoslynAnalysisRunner has terminated.
Mono: successfully reloaded assembly
- Completed reload, in  0.650 seconds
Platform modules already initialized, skipping
Refreshing native plugins compatible for Editor in 0.30 ms, found 1 plugins.
Preloading 0 native plugins for Editor in 0.00 ms.
Unloading 1870 Unused Serialized files (Serialized files now loaded: 0)
System memory in use before: 91.3 MB.
System memory in use after: 91.4 MB.

Unloading 8 unused Assets to reduce memory usage. Loaded Objects now: 2371.
Total: 1.635700 ms (FindLiveObjects: 0.141000 ms CreateObjectMapping: 0.048100 ms MarkObjects: 1.434000 ms  DeleteObjects: 0.012000 ms)

AssetImportWorkerClient::OnTransportError - code=2 error=End of file
